#
# A fatal error has been detected by the Java Runtime Environment:
#
#  SIGSEGV (0xb) at pc=0x000000011e20d714, pid=39142, tid=75819
#
# JRE version: Java(TM) SE Runtime Environment (7.0_51-b13) (build 1.7.0_51-b13)
# Java VM: Java HotSpot(TM) 64-Bit Server VM (24.51-b03 mixed mode bsd-amd64 compressed oops)
# Problematic frame:
# C  [CMIOUnits+0x6d714]  CMIOUnitDALInputEntry+0x4cca
#
# Failed to write core dump. Core dumps have been disabled. To enable core dumping, try "ulimit -c unlimited" before starting Java again
#
# If you would like to submit a bug report, please visit:
#   http://bugreport.sun.com/bugreport/crash.jsp
#

---------------  T H R E A D  ---------------

Current thread is native thread

siginfo:si_signo=SIGSEGV: si_errno=0, si_code=0 (SEGV0), si_addr=0x0000000000000000

Registers:
RAX=0x00007f82205659b0, RBX=0x00007f8220565570, RCX=0x7000000000000000, RDX=0x00007f8222d541f0
RSP=0x000000011e5f3cb0, RBP=0x000000011e5f3d00, RSI=0x00003b0000003b00, RDI=0x0000000000000025
R8 =0x0000000000000040, R9 =0x000000011e5f3c00, R10=0x00007fff7e2f1a48, R11=0x00007fff992e04f3
R12=0x00007f8222d541c0, R13=0x000000011e5f3cc8, R14=0x000000011e5f5001, R15=0x00007f8220565650
RIP=0x000000011e20d714, EFLAGS=0x0000000000010206, ERR=0x0000000000000000
  TRAPNO=0x000000000000000d

Top of Stack: (sp=0x000000011e5f3cb0)
0x000000011e5f3cb0:   000000011e5f3ce0 000000009887ac83
0x000000011e5f3cc0:   00007f8220565570 00007f8220565570
0x000000011e5f3cd0:   0000000000000001 00cfd0ae73a45737
0x000000011e5f3ce0:   00007fff7e2f1a38 00007f822055fc60
0x000000011e5f3cf0:   000000011e5f50e0 00007f8222c8f7b0
0x000000011e5f3d00:   000000011e5f3f40 0000000118892d18
0x000000011e5f3d10:   000000011e5f3d60 000000011e5f3d9b
0x000000011e5f3d20:   0000000000000021 00000001000003e8
0x000000011e5f3d30:   0000000000000000 0000000000000000
0x000000011e5f3d40:   0000000000000000 000000011e5f5108
0x000000011e5f3d50:   0000000000000000 00007f8222c8f998
0x000000011e5f3d60:   00007f822055fc60 00007f82205656b0
0x000000011e5f3d70:   00007f82205656b0 00007f82205656b0
0x000000011e5f3d80:   0000000000000021 00000001000003e8
0x000000011e5f3d90:   0000000000000000 00797576328176ca
0x000000011e5f3da0:   0000000000000000 0000000000000000
0x000000011e5f3db0:   0000000000001e00 0000000000000020
0x000000011e5f3dc0:   0000000000000000 0000000000000000
0x000000011e5f3dd0:   0000000000000000 0000000000000000
0x000000011e5f3de0:   0000000000000000 0000000000000000
0x000000011e5f3df0:   0000000000000000 0000000000000000
0x000000011e5f3e00:   0000000000000000 000000010fb78000
0x000000011e5f3e10:   0000000000001003 0000000000000002
0x000000011e5f3e20:   0000cfd0ae041305 000000013b9aca00
0x000000011e5f3e30:   0000000000000000 000000000d9e8f4c
0x000000011e5f3e40:   00000003000003e8 0000000000000000
0x000000011e5f3e50:   0000cfd0ae73a457 000000013b9aca00
0x000000011e5f3e60:   0000000000000000 0000cfd0ae041305
0x000000011e5f3e70:   000000013b9aca00 0000000000000000
0x000000011e5f3e80:   00007fff7e248410 00007f8220561650
0x000000011e5f3e90:   00007fff7e21bd70 0000000000000024
0x000000011e5f3ea0:   000000011e5f3f10 00007fff9885f1a6 

Instructions: (pc=0x000000011e20d714)
0x000000011e20d6f4:   00 75 4c 48 8b 5d c0 eb 41 48 8b 43 20 80 78 36
0x000000011e20d704:   00 74 0f 48 8b 48 08 48 85 c9 74 06 48 8b 78 10
0x000000011e20d714:   ff d1 48 8b 43 08 48 85 c0 75 11 48 89 d8 48 8b
0x000000011e20d724:   58 10 48 39 03 48 89 d8 75 f4 eb 0e 48 8b 08 48 

Register to memory mapping:

RAX=0x00007f82205659b0 is an unknown value
RBX=0x00007f8220565570 is an unknown value
RCX=0x7000000000000000 is an unknown value
RDX=0x00007f8222d541f0 is an unknown value
RSP=0x000000011e5f3cb0 is an unknown value
RBP=0x000000011e5f3d00 is an unknown value
RSI=0x00003b0000003b00 is an unknown value
RDI=0x0000000000000025 is an unknown value
R8 =0x0000000000000040 is an unknown value
R9 =0x000000011e5f3c00 is an unknown value
R10=0x00007fff7e2f1a48: _ZN4CMIO3DAL7RunLoop20sOwnThreadIsFinishedE+0x1614 in /System/Library/Frameworks/CoreMediaIO.framework/Versions/A/CoreMediaIO at 0x00007fff99296000
R11=0x00007fff992e04f3: _ZTSN4CMIO3DAL15RunLoopPropertyE+0x6133 in /System/Library/Frameworks/CoreMediaIO.framework/Versions/A/CoreMediaIO at 0x00007fff99296000
R12=0x00007f8222d541c0 is an unknown value
R13=0x000000011e5f3cc8 is an unknown value
R14=0x000000011e5f5001 is an unknown value
R15=0x00007f8220565650 is an unknown value


Stack: [0x000000011e576000,0x000000011e5f6000],  sp=0x000000011e5f3cb0,  free space=503k
Native frames: (J=compiled Java code, j=interpreted, Vv=VM code, C=native code)
C  [CMIOUnits+0x6d714]  CMIOUnitDALInputEntry+0x4cca
C  [AppleCamera+0x9d18]  AppleCameraNewPlugIn+0x392a
C  [CoreFoundation+0x7fa74]  __CFMachPortPerform+0x184
C  [CoreFoundation+0x7f8d9]  __CFRUNLOOP_IS_CALLING_OUT_TO_A_SOURCE1_PERFORM_FUNCTION__+0x29
C  [CoreFoundation+0x7f84e]  __CFRunLoopDoSource1+0x1de
C  [CoreFoundation+0x70886]  __CFRunLoopRun+0x726
C  [CoreFoundation+0x6ff25]  CFRunLoopRunSpecific+0x135
C  [CoreFoundation+0x125811]  CFRunLoopRun+0x61
C  [AppleCamera+0xb2ab]  AppleCameraNewPlugIn+0x4ebd
C  [libsystem_pthread.dylib+0x1899]  _pthread_body+0x8a
C  [libsystem_pthread.dylib+0x172a]  _pthread_struct_init+0x0
C  [libsystem_pthread.dylib+0x5fc9]  thread_start+0xd


---------------  P R O C E S S  ---------------

VM state:not at safepoint (normal execution)

VM Mutex/Monitor currently owned by a thread: None

Heap
 PSYoungGen      total 34304K, used 18868K [0x00000007fd500000, 0x00000007fff80000, 0x0000000800000000)
  eden space 26112K, 64% used [0x00000007fd500000,0x00000007fe5850d0,0x00000007fee80000)
  from space 8192K, 23% used [0x00000007fef00000,0x00000007ff0e8010,0x00000007ff700000)
  to   space 8704K, 0% used [0x00000007ff700000,0x00000007ff700000,0x00000007fff80000)
 ParOldGen       total 43520K, used 14865K [0x00000007f8000000, 0x00000007faa80000, 0x00000007fd500000)
  object space 43520K, 34% used [0x00000007f8000000,0x00000007f8e84560,0x00000007faa80000)
 PSPermGen       total 25600K, used 25402K [0x00000007f2e00000, 0x00000007f4700000, 0x00000007f8000000)
  object space 25600K, 99% used [0x00000007f2e00000,0x00000007f46cea10,0x00000007f4700000)

Card table byte_map: [0x0000000114113000,0x000000011417d000] byte_map_base: 0x000000011017c000

Polling page: 0x000000010fdb3000

Code Cache  [0x0000000111053000, 0x00000001112c3000, 0x0000000114053000)
 total_blobs=794 nmethods=301 adapters=447 free_code_cache=47872Kb largest_free_block=48967616

Compilation events (10 events):
Event: 298.808 Thread 0x00007f8221841000  316             org.postgresql.jdbc2.AbstractJdbc2Statement::replaceProcessing (79 bytes)
Event: 298.815 Thread 0x00007f8221841000 nmethod 316 0x0000000111188290 code [0x0000000111188440, 0x0000000111188d08]
Event: 303.078 Thread 0x00007f8221843000  317             org.apache.commons.dbcp.DelegatingStatement::checkOpen (53 bytes)
Event: 303.078 Thread 0x00007f8221841000  318             org.apache.commons.dbcp.DelegatingStatement::isClosed (5 bytes)
Event: 303.079 Thread 0x00007f8221841000 nmethod 318 0x00000001111836d0 code [0x0000000111183800, 0x0000000111183858]
Event: 303.079 Thread 0x00007f8221843000 nmethod 317 0x0000000111183490 code [0x00000001111835c0, 0x0000000111183638]
Event: 343.709 Thread 0x00007f8221843000  319             org.postgresql.core.Parser::parseSingleQuotes (134 bytes)
Event: 343.717 Thread 0x00007f8221843000 nmethod 319 0x0000000111187ad0 code [0x0000000111187c40, 0x00000001111880c8]
Event: 350.033 Thread 0x00007f8221841000  320   !         org.eclipse.jetty.http.HttpParser::parseNext (3822 bytes)
Event: 350.132 Thread 0x00007f8221841000 nmethod 320 0x0000000111197b10 code [0x0000000111198520, 0x000000011119bdf0]

GC Heap History (10 events):
Event: 4.061 GC heap before
{Heap before GC invocations=5 (full 0):
 PSYoungGen      total 36352K, used 36338K [0x00000007fd500000, 0x00000007ffb00000, 0x0000000800000000)
  eden space 33792K, 100% used [0x00000007fd500000,0x00000007ff600000,0x00000007ff600000)
  from space 2560K, 99% used [0x00000007ff880000,0x00000007ffafcae0,0x00000007ffb00000)
  to   space 2560K, 0% used [0x00000007ff600000,0x00000007ff600000,0x00000007ff880000)
 ParOldGen       total 43520K, used 5703K [0x00000007f8000000, 0x00000007faa80000, 0x00000007fd500000)
  object space 43520K, 13% used [0x00000007f8000000,0x00000007f8591f78,0x00000007faa80000)
 PSPermGen       total 21504K, used 19548K [0x00000007f2e00000, 0x00000007f4300000, 0x00000007f8000000)
  object space 21504K, 90% used [0x00000007f2e00000,0x00000007f41171c8,0x00000007f4300000)
Event: 4.073 GC heap after
Heap after GC invocations=5 (full 0):
 PSYoungGen      total 36352K, used 2530K [0x00000007fd500000, 0x0000000800000000, 0x0000000800000000)
  eden space 33792K, 0% used [0x00000007fd500000,0x00000007fd500000,0x00000007ff600000)
  from space 2560K, 98% used [0x00000007ff600000,0x00000007ff878a80,0x00000007ff880000)
  to   space 7680K, 0% used [0x00000007ff880000,0x00000007ff880000,0x0000000800000000)
 ParOldGen       total 43520K, used 12017K [0x00000007f8000000, 0x00000007faa80000, 0x00000007fd500000)
  object space 43520K, 27% used [0x00000007f8000000,0x00000007f8bbc658,0x00000007faa80000)
 PSPermGen       total 21504K, used 19548K [0x00000007f2e00000, 0x00000007f4300000, 0x00000007f8000000)
  object space 21504K, 90% used [0x00000007f2e00000,0x00000007f41171c8,0x00000007f4300000)
}
Event: 34.155 GC heap before
{Heap before GC invocations=6 (full 0):
 PSYoungGen      total 36352K, used 36322K [0x00000007fd500000, 0x0000000800000000, 0x0000000800000000)
  eden space 33792K, 100% used [0x00000007fd500000,0x00000007ff600000,0x00000007ff600000)
  from space 2560K, 98% used [0x00000007ff600000,0x00000007ff878a80,0x00000007ff880000)
  to   space 7680K, 0% used [0x00000007ff880000,0x00000007ff880000,0x0000000800000000)
 ParOldGen       total 43520K, used 12017K [0x00000007f8000000, 0x00000007faa80000, 0x00000007fd500000)
  object space 43520K, 27% used [0x00000007f8000000,0x00000007f8bbc658,0x00000007faa80000)
 PSPermGen       total 22528K, used 22494K [0x00000007f2e00000, 0x00000007f4400000, 0x00000007f8000000)
  object space 22528K, 99% used [0x00000007f2e00000,0x00000007f43f7a98,0x00000007f4400000)
Event: 34.169 GC heap after
Heap after GC invocations=6 (full 0):
 PSYoungGen      total 35328K, used 4412K [0x00000007fd500000, 0x0000000800000000, 0x0000000800000000)
  eden space 27648K, 0% used [0x00000007fd500000,0x00000007fd500000,0x00000007ff000000)
  from space 7680K, 57% used [0x00000007ff880000,0x00000007ffccf0b0,0x0000000800000000)
  to   space 8192K, 0% used [0x00000007ff000000,0x00000007ff000000,0x00000007ff800000)
 ParOldGen       total 43520K, used 12025K [0x00000007f8000000, 0x00000007faa80000, 0x00000007fd500000)
  object space 43520K, 27% used [0x00000007f8000000,0x00000007f8bbe658,0x00000007faa80000)
 PSPermGen       total 22528K, used 22494K [0x00000007f2e00000, 0x00000007f4400000, 0x00000007f8000000)
  object space 22528K, 99% used [0x00000007f2e00000,0x00000007f43f7a98,0x00000007f4400000)
}
Event: 65.647 GC heap before
{Heap before GC invocations=7 (full 0):
 PSYoungGen      total 35328K, used 32060K [0x00000007fd500000, 0x0000000800000000, 0x0000000800000000)
  eden space 27648K, 100% used [0x00000007fd500000,0x00000007ff000000,0x00000007ff000000)
  from space 7680K, 57% used [0x00000007ff880000,0x00000007ffccf0b0,0x0000000800000000)
  to   space 8192K, 0% used [0x00000007ff000000,0x00000007ff000000,0x00000007ff800000)
 ParOldGen       total 43520K, used 12025K [0x00000007f8000000, 0x00000007faa80000, 0x00000007fd500000)
  object space 43520K, 27% used [0x00000007f8000000,0x00000007f8bbe658,0x00000007faa80000)
 PSPermGen       total 24576K, used 24319K [0x00000007f2e00000, 0x00000007f4600000, 0x00000007f8000000)
  object space 24576K, 98% used [0x00000007f2e00000,0x00000007f45bff78,0x00000007f4600000)
Event: 65.658 GC heap after
Heap after GC invocations=7 (full 0):
 PSYoungGen      total 33280K, used 6052K [0x00000007fd500000, 0x00000007fff80000, 0x0000000800000000)
  eden space 27136K, 0% used [0x00000007fd500000,0x00000007fd500000,0x00000007fef80000)
  from space 6144K, 98% used [0x00000007ff000000,0x00000007ff5e90e8,0x00000007ff600000)
  to   space 8192K, 0% used [0x00000007ff780000,0x00000007ff780000,0x00000007fff80000)
 ParOldGen       total 43520K, used 13100K [0x00000007f8000000, 0x00000007faa80000, 0x00000007fd500000)
  object space 43520K, 30% used [0x00000007f8000000,0x00000007f8ccb148,0x00000007faa80000)
 PSPermGen       total 24576K, used 24319K [0x00000007f2e00000, 0x00000007f4600000, 0x00000007f8000000)
  object space 24576K, 98% used [0x00000007f2e00000,0x00000007f45bff78,0x00000007f4600000)
}
Event: 149.741 GC heap before
{Heap before GC invocations=8 (full 0):
 PSYoungGen      total 33280K, used 33188K [0x00000007fd500000, 0x00000007fff80000, 0x0000000800000000)
  eden space 27136K, 100% used [0x00000007fd500000,0x00000007fef80000,0x00000007fef80000)
  from space 6144K, 98% used [0x00000007ff000000,0x00000007ff5e90e8,0x00000007ff600000)
  to   space 8192K, 0% used [0x00000007ff780000,0x00000007ff780000,0x00000007fff80000)
 ParOldGen       total 43520K, used 13100K [0x00000007f8000000, 0x00000007faa80000, 0x00000007fd500000)
  object space 43520K, 30% used [0x00000007f8000000,0x00000007f8ccb148,0x00000007faa80000)
 PSPermGen       total 25600K, used 25336K [0x00000007f2e00000, 0x00000007f4700000, 0x00000007f8000000)
  object space 25600K, 98% used [0x00000007f2e00000,0x00000007f46be2d8,0x00000007f4700000)
Event: 149.751 GC heap after
Heap after GC invocations=8 (full 0):
 PSYoungGen      total 34304K, used 5804K [0x00000007fd500000, 0x00000007fff00000, 0x0000000800000000)
  eden space 26624K, 0% used [0x00000007fd500000,0x00000007fd500000,0x00000007fef00000)
  from space 7680K, 75% used [0x00000007ff780000,0x00000007ffd2b020,0x00000007fff00000)
  to   space 8192K, 0% used [0x00000007fef00000,0x00000007fef00000,0x00000007ff700000)
 ParOldGen       total 43520K, used 13481K [0x00000007f8000000, 0x00000007faa80000, 0x00000007fd500000)
  object space 43520K, 30% used [0x00000007f8000000,0x00000007f8d2a410,0x00000007faa80000)
 PSPermGen       total 25600K, used 25336K [0x00000007f2e00000, 0x00000007f4700000, 0x00000007f8000000)
  object space 25600K, 98% used [0x00000007f2e00000,0x00000007f46be2d8,0x00000007f4700000)
}
Event: 283.777 GC heap before
{Heap before GC invocations=9 (full 0):
 PSYoungGen      total 34304K, used 32428K [0x00000007fd500000, 0x00000007fff00000, 0x0000000800000000)
  eden space 26624K, 100% used [0x00000007fd500000,0x00000007fef00000,0x00000007fef00000)
  from space 7680K, 75% used [0x00000007ff780000,0x00000007ffd2b020,0x00000007fff00000)
  to   space 8192K, 0% used [0x00000007fef00000,0x00000007fef00000,0x00000007ff700000)
 ParOldGen       total 43520K, used 13481K [0x00000007f8000000, 0x00000007faa80000, 0x00000007fd500000)
  object space 43520K, 30% used [0x00000007f8000000,0x00000007f8d2a410,0x00000007faa80000)
 PSPermGen       total 25600K, used 25388K [0x00000007f2e00000, 0x00000007f4700000, 0x00000007f8000000)
  object space 25600K, 99% used [0x00000007f2e00000,0x00000007f46cb318,0x00000007f4700000)
Event: 283.790 GC heap after
Heap after GC invocations=9 (full 0):
 PSYoungGen      total 34304K, used 1952K [0x00000007fd500000, 0x00000007fff80000, 0x0000000800000000)
  eden space 26112K, 0% used [0x00000007fd500000,0x00000007fd500000,0x00000007fee80000)
  from space 8192K, 23% used [0x00000007fef00000,0x00000007ff0e8010,0x00000007ff700000)
  to   space 8704K, 0% used [0x00000007ff700000,0x00000007ff700000,0x00000007fff80000)
 ParOldGen       total 43520K, used 14865K [0x00000007f8000000, 0x00000007faa80000, 0x00000007fd500000)
  object space 43520K, 34% used [0x00000007f8000000,0x00000007f8e84560,0x00000007faa80000)
 PSPermGen       total 25600K, used 25388K [0x00000007f2e00000, 0x00000007f4700000, 0x00000007f8000000)
  object space 25600K, 99% used [0x00000007f2e00000,0x00000007f46cb318,0x00000007f4700000)
}

Deoptimization events (10 events):
Event: 64.559 Thread 0x00007f8220e36000 Uncommon trap: reason=class_check action=maybe_recompile pc=0x00000001110cf450 method=java.lang.String.equals(Ljava/lang/Object;)Z @ 8
Event: 125.680 Thread 0x00007f8221cc1800 Uncommon trap: reason=class_check action=maybe_recompile pc=0x0000000111157e90 method=java.io.FilterInputStream.read([BII)I @ 7
Event: 125.686 Thread 0x00007f8221cc1800 Uncommon trap: reason=class_check action=maybe_recompile pc=0x0000000111157e90 method=java.io.FilterInputStream.read([BII)I @ 7
Event: 125.686 Thread 0x00007f8221cc1800 Uncommon trap: reason=class_check action=maybe_recompile pc=0x0000000111157e90 method=java.io.FilterInputStream.read([BII)I @ 7
Event: 125.686 Thread 0x00007f8221cc1800 Uncommon trap: reason=class_check action=maybe_recompile pc=0x0000000111157e90 method=java.io.FilterInputStream.read([BII)I @ 7
Event: 142.172 Thread 0x00007f8221096000 Uncommon trap: reason=predicate action=maybe_recompile pc=0x000000011110bb80 method=java.util.Arrays.fill([Ljava/lang/Object;Ljava/lang/Object;)V @ 10
Event: 277.197 Thread 0x00007f8221096000 Uncommon trap: reason=array_check action=maybe_recompile pc=0x0000000111184578 method=java.util.Arrays.fill([Ljava/lang/Object;Ljava/lang/Object;)V @ 13
Event: 277.588 Thread 0x00007f8221a17000 Uncommon trap: reason=array_check action=maybe_recompile pc=0x0000000111184578 method=java.util.Arrays.fill([Ljava/lang/Object;Ljava/lang/Object;)V @ 13
Event: 278.198 Thread 0x00007f8221096000 Uncommon trap: reason=array_check action=maybe_recompile pc=0x0000000111184578 method=java.util.Arrays.fill([Ljava/lang/Object;Ljava/lang/Object;)V @ 13
Event: 278.589 Thread 0x00007f8221a17000 Uncommon trap: reason=array_check action=maybe_recompile pc=0x0000000111184578 method=java.util.Arrays.fill([Ljava/lang/Object;Ljava/lang/Object;)V @ 13

Internal exceptions (10 events):
Event: 370.740 Thread 0x00007f8220e36000 Threw 0x00000007fe513260 at /HUDSON/workspace/7u-2-build-macosx-x86_64/jdk7u51/527/hotspot/src/share/vm/prims/jvm.cpp:1244
Event: 370.740 Thread 0x00007f8220e36000 Threw 0x00000007fe5143a0 at /HUDSON/workspace/7u-2-build-macosx-x86_64/jdk7u51/527/hotspot/src/share/vm/prims/jvm.cpp:1244
Event: 370.740 Thread 0x00007f8220e36000 Threw 0x00000007fe51e600 at /HUDSON/workspace/7u-2-build-macosx-x86_64/jdk7u51/527/hotspot/src/share/vm/prims/jvm.cpp:1244
Event: 370.740 Thread 0x00007f8220e36000 Threw 0x00000007fe51e770 at /HUDSON/workspace/7u-2-build-macosx-x86_64/jdk7u51/527/hotspot/src/share/vm/classfile/systemDictionary.cpp:174
Event: 370.740 Thread 0x00007f8220e36000 Threw 0x00000007fe51f1c8 at /HUDSON/workspace/7u-2-build-macosx-x86_64/jdk7u51/527/hotspot/src/share/vm/prims/jvm.cpp:1244
Event: 370.740 Thread 0x00007f8220e36000 Threw 0x00000007fe52e078 at /HUDSON/workspace/7u-2-build-macosx-x86_64/jdk7u51/527/hotspot/src/share/vm/prims/jvm.cpp:1244
Event: 370.740 Thread 0x00007f8220e36000 Threw 0x00000007fe52e3e0 at /HUDSON/workspace/7u-2-build-macosx-x86_64/jdk7u51/527/hotspot/src/share/vm/runtime/reflection.cpp:1030
Event: 370.740 Thread 0x00007f8220e36000 Threw 0x00000007fe52edc0 at /HUDSON/workspace/7u-2-build-macosx-x86_64/jdk7u51/527/hotspot/src/share/vm/prims/jvm.cpp:1244
Event: 370.740 Thread 0x00007f8220e36000 Threw 0x00000007fe53cb28 at /HUDSON/workspace/7u-2-build-macosx-x86_64/jdk7u51/527/hotspot/src/share/vm/prims/jvm.cpp:1244
Event: 370.742 Thread 0x00007f8220e36000 Threw 0x00000007fe5487c8 at /HUDSON/workspace/7u-2-build-macosx-x86_64/jdk7u51/527/hotspot/src/share/vm/runtime/reflection.cpp:1030

Events (10 events):
Event: 370.739 loading class 0x00007f8222c83b10
Event: 370.739 loading class 0x00007f8222c83b10 done
Event: 370.740 loading class 0x00007f8222d0e550
Event: 370.740 loading class 0x00007f8222d0e550 done
Event: 370.740 loading class 0x00007f8222d0e120
Event: 370.740 loading class 0x00007f8222d0e120 done
Event: 370.740 loading class 0x00007f8222d0f450
Event: 370.740 loading class 0x00007f8222d0f450 done
Event: 370.742 Thread 0x00007f8221b81800 Thread added: 0x00007f8221b81800
Event: 370.861 Thread 0x00007f8220cd9800 Thread added: 0x00007f8220cd9800


Dynamic libraries:
0x000000000bcad000 	/System/Library/Frameworks/Cocoa.framework/Versions/A/Cocoa
0x000000000bcad000 	/System/Library/Frameworks/Security.framework/Versions/A/Security
0x000000000bcad000 	/System/Library/Frameworks/ApplicationServices.framework/Versions/A/ApplicationServices
0x000000000bcad000 	/usr/lib/libz.1.dylib
0x000000000bcad000 	/usr/lib/libSystem.B.dylib
0x000000000bcad000 	/usr/lib/libobjc.A.dylib
0x000000000bcad000 	/System/Library/Frameworks/CoreFoundation.framework/Versions/A/CoreFoundation
0x000000000bcad000 	/System/Library/Frameworks/Foundation.framework/Versions/C/Foundation
0x000000000bcad000 	/System/Library/Frameworks/AppKit.framework/Versions/C/AppKit
0x000000000bcad000 	/System/Library/Frameworks/CoreData.framework/Versions/A/CoreData
0x000000000bcad000 	/System/Library/PrivateFrameworks/RemoteViewServices.framework/Versions/A/RemoteViewServices
0x000000000bcad000 	/System/Library/Frameworks/AudioToolbox.framework/Versions/A/AudioToolbox
0x000000000bcad000 	/System/Library/Frameworks/AudioUnit.framework/Versions/A/AudioUnit
0x000000000bcad000 	/System/Library/PrivateFrameworks/DataDetectorsCore.framework/Versions/A/DataDetectorsCore
0x000000000bcad000 	/System/Library/PrivateFrameworks/DesktopServicesPriv.framework/Versions/A/DesktopServicesPriv
0x000000000bcad000 	/System/Library/Frameworks/Carbon.framework/Versions/A/Frameworks/HIToolbox.framework/Versions/A/HIToolbox
0x000000000bcad000 	/System/Library/Frameworks/QuartzCore.framework/Versions/A/QuartzCore
0x000000000bcad000 	/System/Library/Frameworks/Carbon.framework/Versions/A/Frameworks/SpeechRecognition.framework/Versions/A/SpeechRecognition
0x000000000bcad000 	/usr/lib/libauto.dylib
0x000000000bcad000 	/usr/lib/libicucore.A.dylib
0x000000000bcad000 	/usr/lib/libxml2.2.dylib
0x000000000bcad000 	/System/Library/PrivateFrameworks/CoreUI.framework/Versions/A/CoreUI
0x000000000bcad000 	/System/Library/Frameworks/CoreAudio.framework/Versions/A/CoreAudio
0x000000000bcad000 	/System/Library/Frameworks/DiskArbitration.framework/Versions/A/DiskArbitration
0x000000000bcad000 	/usr/lib/liblangid.dylib
0x000000000bcad000 	/System/Library/PrivateFrameworks/MultitouchSupport.framework/Versions/A/MultitouchSupport
0x000000000bcad000 	/System/Library/Frameworks/IOKit.framework/Versions/A/IOKit
0x000000000bcad000 	/usr/lib/libDiagnosticMessagesClient.dylib
0x000000000bcad000 	/System/Library/Frameworks/CoreServices.framework/Versions/A/CoreServices
0x000000000bcad000 	/System/Library/PrivateFrameworks/PerformanceAnalysis.framework/Versions/A/PerformanceAnalysis
0x000000000bcad000 	/System/Library/PrivateFrameworks/GenerationalStorage.framework/Versions/A/GenerationalStorage
0x000000000bcad000 	/System/Library/Frameworks/OpenGL.framework/Versions/A/OpenGL
0x000000000bcad000 	/System/Library/PrivateFrameworks/Sharing.framework/Versions/A/Sharing
0x000000000bcad000 	/System/Library/Frameworks/ImageIO.framework/Versions/A/ImageIO
0x000000000bcad000 	/System/Library/Frameworks/CoreText.framework/Versions/A/CoreText
0x000000000bcad000 	/System/Library/Frameworks/CoreGraphics.framework/Versions/A/CoreGraphics
0x000000000bcad000 	/System/Library/PrivateFrameworks/Backup.framework/Versions/A/Backup
0x000000000bcad000 	/System/Library/Frameworks/CFNetwork.framework/Versions/A/CFNetwork
0x000000000bcad000 	/System/Library/Frameworks/SystemConfiguration.framework/Versions/A/SystemConfiguration
0x000000000bcad000 	/usr/lib/libCRFSuite.dylib
0x000000000bcad000 	/usr/lib/libc++.1.dylib
0x000000000bcad000 	/usr/lib/libc++abi.dylib
0x000000000bcad000 	/usr/lib/system/libcache.dylib
0x000000000bcad000 	/usr/lib/system/libcommonCrypto.dylib
0x000000000bcad000 	/usr/lib/system/libcompiler_rt.dylib
0x000000000bcad000 	/usr/lib/system/libcopyfile.dylib
0x000000000bcad000 	/usr/lib/system/libcorecrypto.dylib
0x000000000bcad000 	/usr/lib/system/libdispatch.dylib
0x000000000bcad000 	/usr/lib/system/libdyld.dylib
0x000000000bcad000 	/usr/lib/system/libkeymgr.dylib
0x000000000bcad000 	/usr/lib/system/liblaunch.dylib
0x000000000bcad000 	/usr/lib/system/libmacho.dylib
0x000000000bcad000 	/usr/lib/system/libquarantine.dylib
0x000000000bcad000 	/usr/lib/system/libremovefile.dylib
0x000000000bcad000 	/usr/lib/system/libsystem_asl.dylib
0x000000000bcad000 	/usr/lib/system/libsystem_blocks.dylib
0x000000000bcad000 	/usr/lib/system/libsystem_c.dylib
0x000000000bcad000 	/usr/lib/system/libsystem_configuration.dylib
0x000000000bcad000 	/usr/lib/system/libsystem_dnssd.dylib
0x000000000bcad000 	/usr/lib/system/libsystem_info.dylib
0x000000000bcad000 	/usr/lib/system/libsystem_kernel.dylib
0x000000000bcad000 	/usr/lib/system/libsystem_m.dylib
0x000000000bcad000 	/usr/lib/system/libsystem_malloc.dylib
0x000000000bcad000 	/usr/lib/system/libsystem_network.dylib
0x000000000bcad000 	/usr/lib/system/libsystem_notify.dylib
0x000000000bcad000 	/usr/lib/system/libsystem_platform.dylib
0x000000000bcad000 	/usr/lib/system/libsystem_pthread.dylib
0x000000000bcad000 	/usr/lib/system/libsystem_sandbox.dylib
0x000000000bcad000 	/usr/lib/system/libsystem_stats.dylib
0x000000000bcad000 	/usr/lib/system/libunc.dylib
0x000000000bcad000 	/usr/lib/system/libunwind.dylib
0x000000000bcad000 	/usr/lib/system/libxpc.dylib
0x000000000bcad000 	/usr/lib/libbsm.0.dylib
0x000000000bcad000 	/usr/lib/libsqlite3.dylib
0x000000000bcad000 	/usr/lib/libxar.1.dylib
0x000000000bcad000 	/usr/lib/libpam.2.dylib
0x000000000bcad000 	/usr/lib/libOpenScriptingUtil.dylib
0x000000000bcad000 	/usr/lib/libbz2.1.0.dylib
0x000000000bcad000 	/System/Library/Frameworks/CoreServices.framework/Versions/A/Frameworks/CarbonCore.framework/Versions/A/CarbonCore
0x000000000bcad000 	/System/Library/Frameworks/CoreServices.framework/Versions/A/Frameworks/Metadata.framework/Versions/A/Metadata
0x000000000bcad000 	/System/Library/Frameworks/CoreServices.framework/Versions/A/Frameworks/OSServices.framework/Versions/A/OSServices
0x000000000bcad000 	/System/Library/Frameworks/CoreServices.framework/Versions/A/Frameworks/SearchKit.framework/Versions/A/SearchKit
0x000000000bcad000 	/System/Library/Frameworks/CoreServices.framework/Versions/A/Frameworks/AE.framework/Versions/A/AE
0x000000000bcad000 	/System/Library/Frameworks/CoreServices.framework/Versions/A/Frameworks/LaunchServices.framework/Versions/A/LaunchServices
0x000000000bcad000 	/System/Library/Frameworks/CoreServices.framework/Versions/A/Frameworks/DictionaryServices.framework/Versions/A/DictionaryServices
0x000000000bcad000 	/System/Library/Frameworks/NetFS.framework/Versions/A/NetFS
0x000000000bcad000 	/usr/lib/system/libkxld.dylib
0x000000000bcad000 	/System/Library/PrivateFrameworks/NetAuth.framework/Versions/A/NetAuth
0x000000000bcad000 	/System/Library/PrivateFrameworks/TCC.framework/Versions/A/TCC
0x000000000bcad000 	/System/Library/Frameworks/OpenDirectory.framework/Versions/A/Frameworks/CFOpenDirectory.framework/Versions/A/CFOpenDirectory
0x000000000bcad000 	/System/Library/Frameworks/ServiceManagement.framework/Versions/A/ServiceManagement
0x000000000bcad000 	/usr/lib/libxslt.1.dylib
0x000000000bcad000 	/System/Library/Frameworks/Carbon.framework/Versions/A/Frameworks/Ink.framework/Versions/A/Ink
0x000000000bcad000 	/System/Library/Frameworks/ApplicationServices.framework/Versions/A/Frameworks/ATS.framework/Versions/A/ATS
0x000000000bcad000 	/System/Library/Frameworks/ApplicationServices.framework/Versions/A/Frameworks/ColorSync.framework/Versions/A/ColorSync
0x000000000bcad000 	/System/Library/Frameworks/ApplicationServices.framework/Versions/A/Frameworks/HIServices.framework/Versions/A/HIServices
0x000000000bcad000 	/System/Library/Frameworks/ApplicationServices.framework/Versions/A/Frameworks/LangAnalysis.framework/Versions/A/LangAnalysis
0x000000000bcad000 	/System/Library/Frameworks/ApplicationServices.framework/Versions/A/Frameworks/PrintCore.framework/Versions/A/PrintCore
0x000000000bcad000 	/System/Library/Frameworks/ApplicationServices.framework/Versions/A/Frameworks/QD.framework/Versions/A/QD
0x000000000bcad000 	/System/Library/Frameworks/ApplicationServices.framework/Versions/A/Frameworks/SpeechSynthesis.framework/Versions/A/SpeechSynthesis
0x000000000bcad000 	/System/Library/Frameworks/IOSurface.framework/Versions/A/IOSurface
0x000000000bcad000 	/System/Library/Frameworks/Accelerate.framework/Versions/A/Accelerate
0x000000000bcad000 	/System/Library/Frameworks/Accelerate.framework/Versions/A/Frameworks/vImage.framework/Versions/A/vImage
0x000000000bcad000 	/System/Library/Frameworks/Accelerate.framework/Versions/A/Frameworks/vecLib.framework/Versions/A/vecLib
0x000000000bcad000 	/System/Library/Frameworks/Accelerate.framework/Versions/A/Frameworks/vecLib.framework/Versions/A/libvDSP.dylib
0x000000000bcad000 	/System/Library/Frameworks/Accelerate.framework/Versions/A/Frameworks/vecLib.framework/Versions/A/libvMisc.dylib
0x000000000bcad000 	/System/Library/Frameworks/Accelerate.framework/Versions/A/Frameworks/vecLib.framework/Versions/A/libLAPACK.dylib
0x000000000bcad000 	/System/Library/Frameworks/Accelerate.framework/Versions/A/Frameworks/vecLib.framework/Versions/A/libBLAS.dylib
0x000000000bcad000 	/System/Library/Frameworks/ApplicationServices.framework/Versions/A/Frameworks/ATS.framework/Versions/A/Resources/libFontParser.dylib
0x000000000bcad000 	/System/Library/Frameworks/ApplicationServices.framework/Versions/A/Frameworks/ATS.framework/Versions/A/Resources/libFontRegistry.dylib
0x000000000bcad000 	/System/Library/Frameworks/ImageIO.framework/Versions/A/Resources/libJPEG.dylib
0x000000000bcad000 	/System/Library/Frameworks/ImageIO.framework/Versions/A/Resources/libTIFF.dylib
0x000000000bcad000 	/System/Library/Frameworks/ImageIO.framework/Versions/A/Resources/libPng.dylib
0x000000000bcad000 	/System/Library/Frameworks/ImageIO.framework/Versions/A/Resources/libGIF.dylib
0x000000000bcad000 	/System/Library/Frameworks/ImageIO.framework/Versions/A/Resources/libJP2.dylib
0x000000000bcad000 	/System/Library/Frameworks/ImageIO.framework/Versions/A/Resources/libRadiance.dylib
0x000000000bcad000 	/usr/lib/libcups.2.dylib
0x000000000bcad000 	/System/Library/Frameworks/Kerberos.framework/Versions/A/Kerberos
0x000000000bcad000 	/System/Library/Frameworks/GSS.framework/Versions/A/GSS
0x000000000bcad000 	/usr/lib/libresolv.9.dylib
0x000000000bcad000 	/usr/lib/libiconv.2.dylib
0x000000000bcad000 	/System/Library/PrivateFrameworks/Heimdal.framework/Versions/A/Heimdal
0x000000000bcad000 	/System/Library/PrivateFrameworks/TrustEvaluationAgent.framework/Versions/A/TrustEvaluationAgent
0x000000000bcad000 	/usr/lib/libheimdal-asn1.dylib
0x000000000bcad000 	/System/Library/Frameworks/OpenDirectory.framework/Versions/A/OpenDirectory
0x000000000bcad000 	/System/Library/PrivateFrameworks/CommonAuth.framework/Versions/A/CommonAuth
0x000000000bcad000 	/System/Library/Frameworks/SecurityFoundation.framework/Versions/A/SecurityFoundation
0x000000000bcad000 	/System/Library/PrivateFrameworks/Bom.framework/Versions/A/Bom
0x000000000bcad000 	/System/Library/Frameworks/CoreVideo.framework/Versions/A/CoreVideo
0x000000000bcad000 	/System/Library/Frameworks/QuartzCore.framework/Versions/A/Frameworks/CoreImage.framework/Versions/A/CoreImage
0x000000000bcad000 	/System/Library/Frameworks/QuartzCore.framework/Versions/A/Frameworks/ScalableUserInterface.framework/Versions/A/ScalableUserInterface
0x000000000bcad000 	/System/Library/Frameworks/OpenGL.framework/Versions/A/Libraries/libGLU.dylib
0x000000000bcad000 	/System/Library/Frameworks/OpenGL.framework/Versions/A/Libraries/libGFXShared.dylib
0x000000000bcad000 	/System/Library/Frameworks/OpenGL.framework/Versions/A/Libraries/libGL.dylib
0x000000000bcad000 	/System/Library/Frameworks/OpenGL.framework/Versions/A/Libraries/libGLImage.dylib
0x000000000bcad000 	/System/Library/Frameworks/OpenGL.framework/Versions/A/Libraries/libCVMSPluginSupport.dylib
0x000000000bcad000 	/System/Library/Frameworks/OpenGL.framework/Versions/A/Libraries/libCoreVMClient.dylib
0x000000000bcad000 	/System/Library/PrivateFrameworks/FaceCore.framework/Versions/A/FaceCore
0x000000000bcad000 	/System/Library/PrivateFrameworks/CrashReporterSupport.framework/Versions/A/CrashReporterSupport
0x000000000bcad000 	/System/Library/Frameworks/OpenCL.framework/Versions/A/OpenCL
0x000000000bcad000 	/System/Library/PrivateFrameworks/AppleFSCompression.framework/Versions/A/AppleFSCompression
0x000000000bcad000 	/System/Library/PrivateFrameworks/Ubiquity.framework/Versions/A/Ubiquity
0x000000000bcad000 	/System/Library/PrivateFrameworks/IconServices.framework/Versions/A/IconServices
0x000000000bcad000 	/System/Library/PrivateFrameworks/ChunkingLibrary.framework/Versions/A/ChunkingLibrary
0x000000000bcad000 	/System/Library/PrivateFrameworks/CoreSymbolication.framework/Versions/A/CoreSymbolication
0x000000000bcad000 	/System/Library/PrivateFrameworks/Symbolication.framework/Versions/A/Symbolication
0x000000000bcad000 	/System/Library/PrivateFrameworks/DebugSymbols.framework/Versions/A/DebugSymbols
0x0000000110600000 	/Library/Java/JavaVirtualMachines/jdk1.7.0_51.jdk/Contents/Home/jre/lib/server/libjvm.dylib
0x000000000bcad000 	/usr/lib/libstdc++.6.dylib
0x000000010fd76000 	/Library/Java/JavaVirtualMachines/jdk1.7.0_51.jdk/Contents/Home/jre/lib/libverify.dylib
0x000000010fd83000 	/Library/Java/JavaVirtualMachines/jdk1.7.0_51.jdk/Contents/Home/jre/lib/libjava.dylib
0x000000010fdbd000 	/Library/Java/JavaVirtualMachines/jdk1.7.0_51.jdk/Contents/Home/jre/lib/libzip.dylib
0x000000011626a000 	/System/Library/Frameworks/JavaVM.framework/Frameworks/JavaRuntimeSupport.framework/JavaRuntimeSupport
0x0000000116282000 	/System/Library/Frameworks/JavaVM.framework/Versions/A/Frameworks/JavaNativeFoundation.framework/Versions/A/JavaNativeFoundation
0x0000000116296000 	/System/Library/Frameworks/JavaVM.framework/Versions/A/JavaVM
0x000000000bcad000 	/System/Library/Frameworks/Carbon.framework/Versions/A/Carbon
0x00000001162a2000 	/System/Library/PrivateFrameworks/JavaLaunching.framework/Versions/A/JavaLaunching
0x000000000bcad000 	/System/Library/Frameworks/Carbon.framework/Versions/A/Frameworks/CommonPanels.framework/Versions/A/CommonPanels
0x000000000bcad000 	/System/Library/Frameworks/Carbon.framework/Versions/A/Frameworks/Help.framework/Versions/A/Help
0x000000000bcad000 	/System/Library/Frameworks/Carbon.framework/Versions/A/Frameworks/ImageCapture.framework/Versions/A/ImageCapture
0x000000000bcad000 	/System/Library/Frameworks/Carbon.framework/Versions/A/Frameworks/OpenScripting.framework/Versions/A/OpenScripting
0x000000000bcad000 	/System/Library/Frameworks/Carbon.framework/Versions/A/Frameworks/Print.framework/Versions/A/Print
0x000000000bcad000 	/System/Library/Frameworks/Carbon.framework/Versions/A/Frameworks/SecurityHI.framework/Versions/A/SecurityHI
0x0000000116e2e000 	/Library/Java/JavaVirtualMachines/jdk1.7.0_51.jdk/Contents/Home/jre/lib/libawt.dylib
0x0000000116edd000 	/Library/Java/JavaVirtualMachines/jdk1.7.0_51.jdk/Contents/Home/jre/lib/./libmlib_image.dylib
0x0000000116fa9000 	/Library/Java/JavaVirtualMachines/jdk1.7.0_51.jdk/Contents/Home/jre/lib/lwawt/liblwawt.dylib
0x000000011705d000 	/Library/Java/JavaVirtualMachines/jdk1.7.0_51.jdk/Contents/Home/jre/lib/libosxapp.dylib
0x000000000bcad000 	/System/Library/Frameworks/ExceptionHandling.framework/Versions/A/ExceptionHandling
0x000000000bcad000 	/System/Library/PrivateFrameworks/CoreServicesInternal.framework/Versions/A/CoreServicesInternal
0x000000000bcad000 	/System/Library/PrivateFrameworks/Librarian.framework/Versions/A/Librarian
0x00000001188bf000 	/System/Library/Frameworks/CoreGraphics.framework/Versions/A/Resources/libCGCMS.A.dylib
0x00000001188d0000 	/System/Library/Frameworks/CoreGraphics.framework/Versions/A/Resources/libRIP.A.dylib
0x0000000118920000 	/System/Library/Frameworks/CoreGraphics.framework/Versions/A/Resources/libCGXType.A.dylib
0x000000000bcad000 	/System/Library/PrivateFrameworks/FamilyControls.framework/Versions/A/FamilyControls
0x000000000bcad000 	/System/Library/PrivateFrameworks/CommerceKit.framework/Versions/A/Frameworks/CommerceCore.framework/Versions/A/CommerceCore
0x000000000bcad000 	/System/Library/PrivateFrameworks/SystemAdministration.framework/Versions/A/SystemAdministration
0x000000000bcad000 	/System/Library/Frameworks/DirectoryService.framework/Versions/A/DirectoryService
0x000000000bcad000 	/System/Library/PrivateFrameworks/DiskImages.framework/Versions/A/DiskImages
0x000000000bcad000 	/System/Library/PrivateFrameworks/LoginUIKit.framework/Versions/A/Frameworks/LoginUICore.framework/Versions/A/LoginUICore
0x000000000bcad000 	/usr/lib/libCoreStorage.dylib
0x000000000bcad000 	/usr/lib/libcsfde.dylib
0x000000000bcad000 	/usr/lib/libodfde.dylib
0x000000000bcad000 	/System/Library/Frameworks/DiscRecording.framework/Versions/A/DiscRecording
0x000000000bcad000 	/usr/lib/libcurl.4.dylib
0x000000000bcad000 	/System/Library/PrivateFrameworks/MediaKit.framework/Versions/A/MediaKit
0x000000000bcad000 	/System/Library/PrivateFrameworks/EFILogin.framework/Versions/A/EFILogin
0x000000000bcad000 	/usr/lib/libutil.dylib
0x000000000bcad000 	/System/Library/PrivateFrameworks/AOSNotification.framework/Versions/A/AOSNotification
0x000000000bcad000 	/System/Library/Frameworks/LDAP.framework/Versions/A/LDAP
0x000000000bcad000 	/usr/lib/libsasl2.2.dylib
0x000000000bcad000 	/usr/lib/libcrypto.0.9.8.dylib
0x000000000bcad000 	/usr/lib/libssl.0.9.8.dylib
0x000000000bcad000 	/System/Library/Frameworks/OpenGL.framework/Versions/A/Resources/GLEngine.bundle/GLEngine
0x000000000bcad000 	/System/Library/Frameworks/OpenGL.framework/Versions/A/Libraries/libGLProgrammability.dylib
0x0000000000000000 	/System/Library/Extensions/AppleIntelHD5000GraphicsGLDriver.bundle/Contents/MacOS/AppleIntelHD5000GraphicsGLDriver
0x000000000bcad000 	/System/Library/PrivateFrameworks/IOAccelerator.framework/Versions/A/IOAccelerator
0x000000000bcad000 	/System/Library/PrivateFrameworks/GPUSupport.framework/Versions/A/Libraries/libGPUSupportMercury.dylib
0x000000000bcad000 	/System/Library/Frameworks/OpenGL.framework/Versions/A/Resources/GLRendererFloat.bundle/GLRendererFloat
0x000000000bcad000 	/System/Library/Frameworks/OpenCL.framework/Versions/A/Libraries/libcldcpuengine.dylib
0x000000011bf3e000 	/Library/Java/JavaVirtualMachines/jdk1.7.0_51.jdk/Contents/Home/jre/lib/libsplashscreen.dylib
0x000000011bf8d000 	/Library/Java/JavaVirtualMachines/jdk1.7.0_51.jdk/Contents/Home/jre/lib/libnet.dylib
0x000000011bfea000 	/Library/Java/JavaVirtualMachines/jdk1.7.0_51.jdk/Contents/Home/jre/lib/libnio.dylib
0x0000000118734000 	/Library/Java/JavaVirtualMachines/jdk1.7.0_51.jdk/Contents/Home/jre/lib/libfontmanager.dylib
0x00000001187cc000 	/private/var/folders/9q/8kcyr7051z54xqd43d4hmgkc0000gq/T/javacpp1400332996501319000/libtbb.dylib
0x000000011d977000 	/private/var/folders/9q/8kcyr7051z54xqd43d4hmgkc0000gq/T/javacpp1400332996501319000/libopencv_core.2.4.dylib
0x000000011dc1f000 	/private/var/folders/9q/8kcyr7051z54xqd43d4hmgkc0000gq/T/javacpp1400332996501319000/libopencv_imgproc.2.4.dylib
0x000000011df3a000 	/private/var/folders/9q/8kcyr7051z54xqd43d4hmgkc0000gq/T/javacpp1400332996501319000/libopencv_highgui.2.4.dylib
0x000000000bcad000 	/System/Library/Frameworks/QTKit.framework/Versions/A/QTKit
0x000000000bcad000 	/System/Library/Frameworks/AVFoundation.framework/Versions/A/AVFoundation
0x000000000bcad000 	/System/Library/Frameworks/CoreMedia.framework/Versions/A/CoreMedia
0x000000000bcad000 	/System/Library/Frameworks/MediaToolbox.framework/Versions/A/MediaToolbox
0x000000000bcad000 	/System/Library/Frameworks/VideoToolbox.framework/Versions/A/VideoToolbox
0x000000000bcad000 	/System/Library/PrivateFrameworks/CoreMediaAuthoring.framework/Versions/A/CoreMediaAuthoring
0x000000000bcad000 	/System/Library/Frameworks/CoreMediaIO.framework/Versions/A/CoreMediaIO
0x000000000bcad000 	/System/Library/Frameworks/AVFoundation.framework/Versions/A/Resources/libAVFAudio.dylib
0x000000000bcad000 	/System/Library/PrivateFrameworks/MediaControlSender.framework/Versions/A/MediaControlSender
0x000000000bcad000 	/System/Library/PrivateFrameworks/CoreAVCHD.framework/Versions/A/CoreAVCHD
0x000000000bcad000 	/System/Library/Frameworks/MediaAccessibility.framework/Versions/A/MediaAccessibility
0x000000000bcad000 	/System/Library/PrivateFrameworks/Mangrove.framework/Versions/A/Mangrove
0x000000000bcad000 	/System/Library/PrivateFrameworks/CoreAUC.framework/Versions/A/CoreAUC
0x000000000bcad000 	/System/Library/PrivateFrameworks/Apple80211.framework/Versions/A/Apple80211
0x000000000bcad000 	/System/Library/PrivateFrameworks/AppleSRP.framework/Versions/A/AppleSRP
0x000000000bcad000 	/System/Library/PrivateFrameworks/CoreUtils.framework/Versions/A/CoreUtils
0x000000000bcad000 	/System/Library/Frameworks/CoreWLAN.framework/Versions/A/CoreWLAN
0x000000000bcad000 	/usr/lib/libpcap.A.dylib
0x000000000bcad000 	/System/Library/Frameworks/CoreWiFi.framework/Versions/A/CoreWiFi
0x000000000bcad000 	/System/Library/PrivateFrameworks/AppleVA.framework/Versions/A/AppleVA
0x000000000bcad000 	/System/Library/PrivateFrameworks/XPCService.framework/Versions/A/XPCService
0x000000000bcad000 	/System/Library/PrivateFrameworks/AppSandbox.framework/Versions/A/AppSandbox
0x000000000bcad000 	/usr/lib/libsandbox.1.dylib
0x000000000bcad000 	/System/Library/PrivateFrameworks/AppContainer.framework/Versions/A/AppContainer
0x000000000bcad000 	/System/Library/PrivateFrameworks/SecCodeWrapper.framework/Versions/A/SecCodeWrapper
0x000000000bcad000 	/usr/lib/libMatch.1.dylib
0x000000011879b000 	/private/var/folders/9q/8kcyr7051z54xqd43d4hmgkc0000gq/T/javacpp1400332996501319000/libjniopencv_highgui.dylib
0x00000001187fd000 	/System/Library/Extensions/AppleHDA.kext/Contents/PlugIns/AppleHDAHALPlugIn.bundle/Contents/MacOS/AppleHDAHALPlugIn
0x0000000118889000 	/Library/CoreMediaIO/Plug-Ins/DAL/AppleCamera.plugin/Contents/MacOS/AppleCamera
0x000000011e1a0000 	/System/Library/Frameworks/CoreMediaIO.framework/Resources/CMIOUnits.bundle/Contents/MacOS/CMIOUnits
0x00000001195fb000 	/System/Library/PrivateFrameworks/FWAVC.framework/Versions/A/FWAVC
0x000000011e97f000 	/System/Library/PrivateFrameworks/AppleGVA.framework/AppleGVA
0x000000011e4ba000 	/private/var/folders/9q/8kcyr7051z54xqd43d4hmgkc0000gq/T/javacpp1400332996501319000/libjniopencv_core.dylib
0x000000011963d000 	/Library/Java/JavaVirtualMachines/jdk1.7.0_51.jdk/Contents/Home/jre/lib/libjpeg.dylib

VM Arguments:
jvm_args: -Dorg.apache.commons.logging.Log=org.apache.commons.logging.impl.Log4JLogger -DmaxServlets=20 -DmaxDBConnections=8 -DmaxSlidingDBConnections=8 -Dsalt=this is a simple clear salt -DremoteKeepAlivePeriod=15000 -Xmx128m 
java_command: gsn.Main 22932
Launcher Type: SUN_STANDARD

Environment Variables:
PATH=/usr/bin:/bin:/usr/sbin:/sbin
SHELL=/bin/bash

Signal Handlers:
SIGSEGV: [libjvm.dylib+0x525425], sa_mask[0]=0xfffefeff, sa_flags=0x00000043
SIGBUS: [libjvm.dylib+0x525425], sa_mask[0]=0xfffefeff, sa_flags=0x00000042
SIGFPE: [libjvm.dylib+0x41892a], sa_mask[0]=0xfffefeff, sa_flags=0x00000042
SIGPIPE: [libjvm.dylib+0x41892a], sa_mask[0]=0xfffefeff, sa_flags=0x00000042
SIGXFSZ: [libjvm.dylib+0x41892a], sa_mask[0]=0xfffefeff, sa_flags=0x00000042
SIGILL: [libjvm.dylib+0x41892a], sa_mask[0]=0xfffefeff, sa_flags=0x00000042
SIGUSR1: SIG_DFL, sa_mask[0]=0x00000000, sa_flags=0x00000002
SIGUSR2: [libjvm.dylib+0x41841c], sa_mask[0]=0x00000004, sa_flags=0x00000042
SIGHUP: [libjvm.dylib+0x4166ab], sa_mask[0]=0xfffefeff, sa_flags=0x00000042
SIGINT: [libjvm.dylib+0x4166ab], sa_mask[0]=0xfffefeff, sa_flags=0x00000042
SIGTERM: [libjvm.dylib+0x4166ab], sa_mask[0]=0xfffefeff, sa_flags=0x00000042
SIGQUIT: [libjvm.dylib+0x4166ab], sa_mask[0]=0xfffefeff, sa_flags=0x00000042


---------------  S Y S T E M  ---------------

OS:Bsduname:Darwin 13.1.0 Darwin Kernel Version 13.1.0: Wed Apr  2 23:52:02 PDT 2014; root:xnu-2422.92.1~2/RELEASE_X86_64 x86_64
rlimit: STACK 8192k, CORE 0k, NPROC 709, NOFILE 10240, AS infinity
load average:1.57 1.71 1.64

CPU:total 4 (2 cores per cpu, 2 threads per core) family 6 model 69 stepping 1, cmov, cx8, fxsr, mmx, sse, sse2, sse3, ssse3, sse4.1, sse4.2, popcnt, avx, avx2, aes, erms, ht, tsc, tscinvbit

Memory: 4k page, physical 4194304k(1048576k free)

/proc/meminfo:


vm_info: Java HotSpot(TM) 64-Bit Server VM (24.51-b03) for bsd-amd64 JRE (1.7.0_51-b13), built on Dec 18 2013 18:45:56 by "java_re" with gcc 4.2.1 (Based on Apple Inc. build 5658) (LLVM build 2336.11.00)

time: Sat May 17 15:28:23 2014
elapsed time: 371 seconds

