#
# A fatal error has been detected by the Java Runtime Environment:
#
#  SIGSEGV (0xb) at pc=0x000000011d911714, pid=38467, tid=77571
#
# JRE version: Java(TM) SE Runtime Environment (7.0_51-b13) (build 1.7.0_51-b13)
# Java VM: Java HotSpot(TM) 64-Bit Server VM (24.51-b03 mixed mode bsd-amd64 compressed oops)
# Problematic frame:
# C  [CMIOUnits+0x6d714]  CMIOUnitDALInputEntry+0x4cca
#
# Failed to write core dump. Core dumps have been disabled. To enable core dumping, try "ulimit -c unlimited" before starting Java again
#
# If you would like to submit a bug report, please visit:
#   http://bugreport.sun.com/bugreport/crash.jsp
#

---------------  T H R E A D  ---------------

Current thread is native thread

siginfo:si_signo=SIGSEGV: si_errno=0, si_code=0 (SEGV0), si_addr=0x0000000000000000

Registers:
RAX=0x00007f84653588b0, RBX=0x00007f84652a0ca0, RCX=0x9000000000000000, RDX=0x00007f8462d5ae00
RSP=0x000000011db36cb0, RBP=0x000000011db36d00, RSI=0x0000020000000200, RDI=0x000000000000003c
R8 =0x0000000000000040, R9 =0x000000011db36c00, R10=0x00007fff7e2f1a48, R11=0x00007fff992e04f3
R12=0x00007f8462d5add0, R13=0x000000011db36cc8, R14=0x000000011db38001, R15=0x00007f8465358cb0
RIP=0x000000011d911714, EFLAGS=0x0000000000010286, ERR=0x0000000000000000
  TRAPNO=0x000000000000000d

Top of Stack: (sp=0x000000011db36cb0)
0x000000011db36cb0:   000000011db36ce0 000000009887ac83
0x000000011db36cc0:   00007f84652a0ca0 00007f84652a0ca0
0x000000011db36cd0:   0000000000000001 00cdd328bc5fed37
0x000000011db36ce0:   00007fff7e2f1a38 00007f84652b3740
0x000000011db36cf0:   000000011db380e0 00007f8462c50440
0x000000011db36d00:   000000011db36f40 000000011b29bd18
0x000000011db36d10:   000000011db36d60 000000011db36d9b
0x000000011db36d20:   0000000000000021 00000001000003e8
0x000000011db36d30:   0000000000000000 0000000000000000
0x000000011db36d40:   0000000000000000 000000011db38108
0x000000011db36d50:   0000000000000000 00007f8462c50628
0x000000011db36d60:   00007f84652b3740 00007f8465293300
0x000000011db36d70:   00007f8465293300 00007f8465293300
0x000000011db36d80:   0000000000000021 00000001000003e8
0x000000011db36d90:   0000000000000000 00797576328176ca
0x000000011db36da0:   0000000000000000 0000000000000000
0x000000011db36db0:   0000000000001400 0000000000000020
0x000000011db36dc0:   0000000000000000 0000000000000000
0x000000011db36dd0:   0000000000000000 0000000000000000
0x000000011db36de0:   0000000000000000 0000000000000000
0x000000011db36df0:   0000000000000000 0000000000000000
0x000000011db36e00:   0000000000000000 000000010edcd000
0x000000011db36e10:   0000000000001002 0000000000000002
0x000000011db36e20:   0000cdd328bc5fed 000000013b9aca00
0x000000011db36e30:   0000000000000000 000000000d7d2af5
0x000000011db36e40:   00000003000003e8 0000000000000000
0x000000011db36e50:   0000cdd328bc5fed 000000013b9aca00
0x000000011db36e60:   0000000000000000 0000cdd328bc5fed
0x000000011db36e70:   000000013b9aca00 0000000000000000
0x000000011db36e80:   00007fff7e248410 00007f84652791a0
0x000000011db36e90:   00007fff7e21bd70 0000000000000024
0x000000011db36ea0:   000000011db36f10 00007fff9885f1a6 

Instructions: (pc=0x000000011d911714)
0x000000011d9116f4:   00 75 4c 48 8b 5d c0 eb 41 48 8b 43 20 80 78 36
0x000000011d911704:   00 74 0f 48 8b 48 08 48 85 c9 74 06 48 8b 78 10
0x000000011d911714:   ff d1 48 8b 43 08 48 85 c0 75 11 48 89 d8 48 8b
0x000000011d911724:   58 10 48 39 03 48 89 d8 75 f4 eb 0e 48 8b 08 48 

Register to memory mapping:

RAX=0x00007f84653588b0 is an unknown value
RBX=0x00007f84652a0ca0 is an unknown value
RCX=0x9000000000000000 is an unknown value
RDX=0x00007f8462d5ae00 is an unknown value
RSP=0x000000011db36cb0 is an unknown value
RBP=0x000000011db36d00 is an unknown value
RSI=0x0000020000000200 is an unknown value
RDI=0x000000000000003c is an unknown value
R8 =0x0000000000000040 is an unknown value
R9 =0x000000011db36c00 is an unknown value
R10=0x00007fff7e2f1a48: _ZN4CMIO3DAL7RunLoop20sOwnThreadIsFinishedE+0x1614 in /System/Library/Frameworks/CoreMediaIO.framework/Versions/A/CoreMediaIO at 0x00007fff99296000
R11=0x00007fff992e04f3: _ZTSN4CMIO3DAL15RunLoopPropertyE+0x6133 in /System/Library/Frameworks/CoreMediaIO.framework/Versions/A/CoreMediaIO at 0x00007fff99296000
R12=0x00007f8462d5add0 is an unknown value
R13=0x000000011db36cc8 is an unknown value
R14=0x000000011db38001 is an unknown value
R15=0x00007f8465358cb0 is an unknown value


Stack: [0x000000011dab9000,0x000000011db39000],  sp=0x000000011db36cb0,  free space=503k
Native frames: (J=compiled Java code, j=interpreted, Vv=VM code, C=native code)
C  [CMIOUnits+0x6d714]  CMIOUnitDALInputEntry+0x4cca
C  [AppleCamera+0x9d18]  AppleCameraNewPlugIn+0x392a
C  [CoreFoundation+0x7fa74]  __CFMachPortPerform+0x184
C  [CoreFoundation+0x7f8d9]  __CFRUNLOOP_IS_CALLING_OUT_TO_A_SOURCE1_PERFORM_FUNCTION__+0x29
C  [CoreFoundation+0x7f84e]  __CFRunLoopDoSource1+0x1de
C  [CoreFoundation+0x70886]  __CFRunLoopRun+0x726
C  [CoreFoundation+0x6ff25]  CFRunLoopRunSpecific+0x135
C  [CoreFoundation+0x125811]  CFRunLoopRun+0x61
C  [AppleCamera+0xb2ab]  AppleCameraNewPlugIn+0x4ebd
C  [libsystem_pthread.dylib+0x1899]  _pthread_body+0x8a
C  [libsystem_pthread.dylib+0x172a]  _pthread_struct_init+0x0
C  [libsystem_pthread.dylib+0x5fc9]  thread_start+0xd


---------------  P R O C E S S  ---------------

VM state:not at safepoint (normal execution)

VM Mutex/Monitor currently owned by a thread: None

Heap
 PSYoungGen      total 24064K, used 16152K [0x00000007fd500000, 0x00000007ff180000, 0x0000000800000000)
  eden space 18944K, 79% used [0x00000007fd500000,0x00000007fe3b6238,0x00000007fe780000)
  from space 5120K, 21% used [0x00000007fe780000,0x00000007fe890000,0x00000007fec80000)
  to   space 5120K, 0% used [0x00000007fec80000,0x00000007fec80000,0x00000007ff180000)
 ParOldGen       total 43520K, used 16045K [0x00000007f8000000, 0x00000007faa80000, 0x00000007fd500000)
  object space 43520K, 36% used [0x00000007f8000000,0x00000007f8fab518,0x00000007faa80000)
 PSPermGen       total 24576K, used 24098K [0x00000007f2e00000, 0x00000007f4600000, 0x00000007f8000000)
  object space 24576K, 98% used [0x00000007f2e00000,0x00000007f4588940,0x00000007f4600000)

Card table byte_map: [0x0000000113343000,0x00000001133ad000] byte_map_base: 0x000000010f3ac000

Polling page: 0x000000010efd8000

Code Cache  [0x0000000110283000, 0x00000001104f3000, 0x0000000113283000)
 total_blobs=809 nmethods=368 adapters=395 free_code_cache=47345Kb largest_free_block=48438464

Compilation events (10 events):
Event: 1955.035 Thread 0x00007f8463858000  385             gsn.beans.StreamElement::generateIndex (61 bytes)
Event: 1955.046 Thread 0x00007f8463858000 nmethod 385 0x000000011040a650 code [0x000000011040a840, 0x000000011040afc0]
Event: 2019.123 Thread 0x00007f8463870000  386   !         gsn.storage.StorageManager::executeInsert (704 bytes)
Event: 2019.177 Thread 0x00007f8463870000 nmethod 386 0x000000011044a890 code [0x000000011044afc0, 0x000000011044df00]
Event: 2273.814 Thread 0x00007f8463858000  387             java.nio.Buffer::<init> (121 bytes)
Event: 2273.815 Thread 0x00007f8463858000 nmethod 387 0x00000001103de610 code [0x00000001103de760, 0x00000001103de858]
Event: 2438.723 Thread 0x00007f8463870000  388             java.io.DataOutputStream::writeUTF (435 bytes)
Event: 2438.744 Thread 0x00007f8463870000 nmethod 388 0x000000011042e150 code [0x000000011042e2e0, 0x000000011042efa8]
Event: 2579.762 Thread 0x00007f8463858000  389             gsn.beans.AddressBean::getPredicateValue (67 bytes)
Event: 2579.780 Thread 0x00007f8463858000 nmethod 389 0x0000000110449190 code [0x0000000110449360, 0x0000000110449e48]

GC Heap History (10 events):
Event: 2193.639 GC heap before
{Heap before GC invocations=23 (full 0):
 PSYoungGen      total 24576K, used 20736K [0x00000007fd500000, 0x00000007ff400000, 0x0000000800000000)
  eden space 19456K, 100% used [0x00000007fd500000,0x00000007fe800000,0x00000007fe800000)
  from space 5120K, 25% used [0x00000007fef00000,0x00000007ff040000,0x00000007ff400000)
  to   space 6144K, 0% used [0x00000007fe800000,0x00000007fe800000,0x00000007fee00000)
 ParOldGen       total 43520K, used 15799K [0x00000007f8000000, 0x00000007faa80000, 0x00000007fd500000)
  object space 43520K, 36% used [0x00000007f8000000,0x00000007f8f6dd08,0x00000007faa80000)
 PSPermGen       total 23552K, used 23173K [0x00000007f2e00000, 0x00000007f4500000, 0x00000007f8000000)
  object space 23552K, 98% used [0x00000007f2e00000,0x00000007f44a1590,0x00000007f4500000)
Event: 2193.643 GC heap after
Heap after GC invocations=23 (full 0):
 PSYoungGen      total 20480K, used 1248K [0x00000007fd500000, 0x00000007ff380000, 0x0000000800000000)
  eden space 18944K, 0% used [0x00000007fd500000,0x00000007fd500000,0x00000007fe780000)
  from space 1536K, 81% used [0x00000007fe800000,0x00000007fe938000,0x00000007fe980000)
  to   space 6144K, 0% used [0x00000007fed80000,0x00000007fed80000,0x00000007ff380000)
 ParOldGen       total 43520K, used 15807K [0x00000007f8000000, 0x00000007faa80000, 0x00000007fd500000)
  object space 43520K, 36% used [0x00000007f8000000,0x00000007f8f6fd08,0x00000007faa80000)
 PSPermGen       total 23552K, used 23173K [0x00000007f2e00000, 0x00000007f4500000, 0x00000007f8000000)
  object space 23552K, 98% used [0x00000007f2e00000,0x00000007f44a1590,0x00000007f4500000)
}
Event: 2303.533 GC heap before
{Heap before GC invocations=24 (full 0):
 PSYoungGen      total 20480K, used 20192K [0x00000007fd500000, 0x00000007ff380000, 0x0000000800000000)
  eden space 18944K, 100% used [0x00000007fd500000,0x00000007fe780000,0x00000007fe780000)
  from space 1536K, 81% used [0x00000007fe800000,0x00000007fe938000,0x00000007fe980000)
  to   space 6144K, 0% used [0x00000007fed80000,0x00000007fed80000,0x00000007ff380000)
 ParOldGen       total 43520K, used 15807K [0x00000007f8000000, 0x00000007faa80000, 0x00000007fd500000)
  object space 43520K, 36% used [0x00000007f8000000,0x00000007f8f6fd08,0x00000007faa80000)
 PSPermGen       total 23552K, used 23205K [0x00000007f2e00000, 0x00000007f4500000, 0x00000007f8000000)
  object space 23552K, 98% used [0x00000007f2e00000,0x00000007f44a9770,0x00000007f4500000)
Event: 2303.539 GC heap after
Heap after GC invocations=24 (full 0):
 PSYoungGen      total 24064K, used 1184K [0x00000007fd500000, 0x00000007ff280000, 0x0000000800000000)
  eden space 18944K, 0% used [0x00000007fd500000,0x00000007fd500000,0x00000007fe780000)
  from space 5120K, 23% used [0x00000007fed80000,0x00000007feea8000,0x00000007ff280000)
  to   space 5632K, 0% used [0x00000007fe780000,0x00000007fe780000,0x00000007fed00000)
 ParOldGen       total 43520K, used 15831K [0x00000007f8000000, 0x00000007faa80000, 0x00000007fd500000)
  object space 43520K, 36% used [0x00000007f8000000,0x00000007f8f75d08,0x00000007faa80000)
 PSPermGen       total 23552K, used 23205K [0x00000007f2e00000, 0x00000007f4500000, 0x00000007f8000000)
  object space 23552K, 98% used [0x00000007f2e00000,0x00000007f44a9770,0x00000007f4500000)
}
Event: 2413.533 GC heap before
{Heap before GC invocations=25 (full 0):
 PSYoungGen      total 24064K, used 20128K [0x00000007fd500000, 0x00000007ff280000, 0x0000000800000000)
  eden space 18944K, 100% used [0x00000007fd500000,0x00000007fe780000,0x00000007fe780000)
  from space 5120K, 23% used [0x00000007fed80000,0x00000007feea8000,0x00000007ff280000)
  to   space 5632K, 0% used [0x00000007fe780000,0x00000007fe780000,0x00000007fed00000)
 ParOldGen       total 43520K, used 15831K [0x00000007f8000000, 0x00000007faa80000, 0x00000007fd500000)
  object space 43520K, 36% used [0x00000007f8000000,0x00000007f8f75d08,0x00000007faa80000)
 PSPermGen       total 23552K, used 23242K [0x00000007f2e00000, 0x00000007f4500000, 0x00000007f8000000)
  object space 23552K, 98% used [0x00000007f2e00000,0x00000007f44b2ad0,0x00000007f4500000)
Event: 2413.539 GC heap after
Heap after GC invocations=25 (full 0):
 PSYoungGen      total 24576K, used 1216K [0x00000007fd500000, 0x00000007ff280000, 0x0000000800000000)
  eden space 18944K, 0% used [0x00000007fd500000,0x00000007fd500000,0x00000007fe780000)
  from space 5632K, 21% used [0x00000007fe780000,0x00000007fe8b0000,0x00000007fed00000)
  to   space 5632K, 0% used [0x00000007fed00000,0x00000007fed00000,0x00000007ff280000)
 ParOldGen       total 43520K, used 15855K [0x00000007f8000000, 0x00000007faa80000, 0x00000007fd500000)
  object space 43520K, 36% used [0x00000007f8000000,0x00000007f8f7bd08,0x00000007faa80000)
 PSPermGen       total 23552K, used 23242K [0x00000007f2e00000, 0x00000007f4500000, 0x00000007f8000000)
  object space 23552K, 98% used [0x00000007f2e00000,0x00000007f44b2ad0,0x00000007f4500000)
}
Event: 2480.042 GC heap before
{Heap before GC invocations=26 (full 0):
 PSYoungGen      total 24576K, used 20159K [0x00000007fd500000, 0x00000007ff280000, 0x0000000800000000)
  eden space 18944K, 99% used [0x00000007fd500000,0x00000007fe77fff8,0x00000007fe780000)
  from space 5632K, 21% used [0x00000007fe780000,0x00000007fe8b0000,0x00000007fed00000)
  to   space 5632K, 0% used [0x00000007fed00000,0x00000007fed00000,0x00000007ff280000)
 ParOldGen       total 43520K, used 15855K [0x00000007f8000000, 0x00000007faa80000, 0x00000007fd500000)
  object space 43520K, 36% used [0x00000007f8000000,0x00000007f8f7bd08,0x00000007faa80000)
 PSPermGen       total 24576K, used 24091K [0x00000007f2e00000, 0x00000007f4600000, 0x00000007f8000000)
  object space 24576K, 98% used [0x00000007f2e00000,0x00000007f4586cf0,0x00000007f4600000)
Event: 2480.048 GC heap after
Heap after GC invocations=26 (full 0):
 PSYoungGen      total 23552K, used 1423K [0x00000007fd500000, 0x00000007ff180000, 0x0000000800000000)
  eden space 18944K, 0% used [0x00000007fd500000,0x00000007fd500000,0x00000007fe780000)
  from space 4608K, 30% used [0x00000007fed00000,0x00000007fee63f20,0x00000007ff180000)
  to   space 5120K, 0% used [0x00000007fe780000,0x00000007fe780000,0x00000007fec80000)
 ParOldGen       total 43520K, used 15901K [0x00000007f8000000, 0x00000007faa80000, 0x00000007fd500000)
  object space 43520K, 36% used [0x00000007f8000000,0x00000007f8f87518,0x00000007faa80000)
 PSPermGen       total 24576K, used 24091K [0x00000007f2e00000, 0x00000007f4600000, 0x00000007f8000000)
  object space 24576K, 98% used [0x00000007f2e00000,0x00000007f4586cf0,0x00000007f4600000)
}
Event: 2586.311 GC heap before
{Heap before GC invocations=27 (full 0):
 PSYoungGen      total 23552K, used 20367K [0x00000007fd500000, 0x00000007ff180000, 0x0000000800000000)
  eden space 18944K, 100% used [0x00000007fd500000,0x00000007fe780000,0x00000007fe780000)
  from space 4608K, 30% used [0x00000007fed00000,0x00000007fee63f20,0x00000007ff180000)
  to   space 5120K, 0% used [0x00000007fe780000,0x00000007fe780000,0x00000007fec80000)
 ParOldGen       total 43520K, used 15901K [0x00000007f8000000, 0x00000007faa80000, 0x00000007fd500000)
  object space 43520K, 36% used [0x00000007f8000000,0x00000007f8f87518,0x00000007faa80000)
 PSPermGen       total 24576K, used 24093K [0x00000007f2e00000, 0x00000007f4600000, 0x00000007f8000000)
  object space 24576K, 98% used [0x00000007f2e00000,0x00000007f4587418,0x00000007f4600000)
Event: 2586.317 GC heap after
Heap after GC invocations=27 (full 0):
 PSYoungGen      total 24064K, used 1088K [0x00000007fd500000, 0x00000007ff180000, 0x0000000800000000)
  eden space 18944K, 0% used [0x00000007fd500000,0x00000007fd500000,0x00000007fe780000)
  from space 5120K, 21% used [0x00000007fe780000,0x00000007fe890000,0x00000007fec80000)
  to   space 5120K, 0% used [0x00000007fec80000,0x00000007fec80000,0x00000007ff180000)
 ParOldGen       total 43520K, used 16045K [0x00000007f8000000, 0x00000007faa80000, 0x00000007fd500000)
  object space 43520K, 36% used [0x00000007f8000000,0x00000007f8fab518,0x00000007faa80000)
 PSPermGen       total 24576K, used 24093K [0x00000007f2e00000, 0x00000007f4600000, 0x00000007f8000000)
  object space 24576K, 98% used [0x00000007f2e00000,0x00000007f4587418,0x00000007f4600000)
}

Deoptimization events (10 events):
Event: 2438.683 Thread 0x00007f8466cae800 Uncommon trap: reason=bimorphic action=maybe_recompile pc=0x000000011034e3b8 method=java.util.HashMap.put(Ljava/lang/Object;Ljava/lang/Object;)Ljava/lang/Object; @ 83
Event: 2438.683 Thread 0x00007f8466cae800 Uncommon trap: reason=bimorphic action=maybe_recompile pc=0x000000011034e3b8 method=java.util.HashMap.put(Ljava/lang/Object;Ljava/lang/Object;)Ljava/lang/Object; @ 83
Event: 2438.683 Thread 0x00007f8466cae800 Uncommon trap: reason=bimorphic action=maybe_recompile pc=0x000000011034e3b8 method=java.util.HashMap.put(Ljava/lang/Object;Ljava/lang/Object;)Ljava/lang/Object; @ 83
Event: 2438.690 Thread 0x00007f8466cae800 Uncommon trap: reason=class_check action=maybe_recompile pc=0x00000001102fcc90 method=java.lang.String.equals(Ljava/lang/Object;)Z @ 8
Event: 2480.049 Thread 0x00007f8464809000 Uncommon trap: reason=class_check action=maybe_recompile pc=0x00000001103b59ac method=java.lang.ref.ReferenceQueue.enqueue(Ljava/lang/ref/Reference;)Z @ 67
Event: 2480.051 Thread 0x00007f846480c000 Uncommon trap: reason=class_check action=maybe_recompile pc=0x000000011038f404 method=java.util.AbstractCollection.isEmpty()Z @ 1
Event: 2586.318 Thread 0x00007f846480c000 Uncommon trap: reason=class_check action=maybe_recompile pc=0x000000011038f404 method=java.util.AbstractCollection.isEmpty()Z @ 1
Event: 2586.320 Thread 0x00007f846480c000 Uncommon trap: reason=class_check action=maybe_recompile pc=0x000000011038f404 method=java.util.AbstractCollection.isEmpty()Z @ 1
Event: 2603.778 Thread 0x00007f8464cd8800 Uncommon trap: reason=class_check action=maybe_recompile pc=0x0000000110362e20 method=java.util.regex.Matcher.search(I)Z @ 86
Event: 2603.778 Thread 0x00007f8464cd8800 Uncommon trap: reason=class_check action=maybe_recompile pc=0x0000000110362e20 method=java.util.regex.Matcher.search(I)Z @ 86

Internal exceptions (10 events):
Event: 2663.814 Thread 0x00007f8466833800 Threw 0x00000007fe3496c0 at /HUDSON/workspace/7u-2-build-macosx-x86_64/jdk7u51/527/hotspot/src/share/vm/prims/jvm.cpp:1244
Event: 2663.814 Thread 0x00007f8466833800 Threw 0x00000007fe353958 at /HUDSON/workspace/7u-2-build-macosx-x86_64/jdk7u51/527/hotspot/src/share/vm/prims/jvm.cpp:1244
Event: 2663.814 Thread 0x00007f8466833800 Threw 0x00000007fe353ac8 at /HUDSON/workspace/7u-2-build-macosx-x86_64/jdk7u51/527/hotspot/src/share/vm/classfile/systemDictionary.cpp:174
Event: 2663.814 Thread 0x00007f8466833800 Threw 0x00000007fe354520 at /HUDSON/workspace/7u-2-build-macosx-x86_64/jdk7u51/527/hotspot/src/share/vm/prims/jvm.cpp:1244
Event: 2663.815 Thread 0x00007f8466833800 Threw 0x00000007fe363468 at /HUDSON/workspace/7u-2-build-macosx-x86_64/jdk7u51/527/hotspot/src/share/vm/prims/jvm.cpp:1244
Event: 2663.815 Thread 0x00007f8466833800 Threw 0x00000007fe3637d0 at /HUDSON/workspace/7u-2-build-macosx-x86_64/jdk7u51/527/hotspot/src/share/vm/runtime/reflection.cpp:1030
Event: 2663.815 Thread 0x00007f8466833800 Threw 0x00000007fe3641b0 at /HUDSON/workspace/7u-2-build-macosx-x86_64/jdk7u51/527/hotspot/src/share/vm/prims/jvm.cpp:1244
Event: 2663.815 Thread 0x00007f8466833800 Threw 0x00000007fe371ee0 at /HUDSON/workspace/7u-2-build-macosx-x86_64/jdk7u51/527/hotspot/src/share/vm/prims/jvm.cpp:1244
Event: 2663.818 Thread 0x00007f8466833800 Threw 0x00000007fe37dbc0 at /HUDSON/workspace/7u-2-build-macosx-x86_64/jdk7u51/527/hotspot/src/share/vm/runtime/reflection.cpp:1030
Event: 2663.995 Thread 0x00007f8466833800 Threw 0x00000007fe37f1a0 at /HUDSON/workspace/7u-2-build-macosx-x86_64/jdk7u51/527/hotspot/src/share/vm/prims/jvm.cpp:1244

Events (10 events):
Event: 2663.816 Executing VM operation: RevokeBias done
Event: 2663.994 loading class 0x00007f84652a0970
Event: 2663.994 loading class 0x00007f84652a0970 done
Event: 2663.995 Executing VM operation: RevokeBias
Event: 2663.995 Executing VM operation: RevokeBias done
Event: 2664.031 Executing VM operation: RevokeBias
Event: 2664.031 Executing VM operation: RevokeBias done
Event: 2664.031 Executing VM operation: RevokeBias
Event: 2664.031 Executing VM operation: RevokeBias done
Event: 2664.287 Thread 0x00007f8466833800 Thread exited: 0x00007f8466833800


Dynamic libraries:
0x000000000bcad000 	/System/Library/Frameworks/Cocoa.framework/Versions/A/Cocoa
0x000000000bcad000 	/System/Library/Frameworks/Security.framework/Versions/A/Security
0x000000000bcad000 	/System/Library/Frameworks/ApplicationServices.framework/Versions/A/ApplicationServices
0x000000000bcad000 	/usr/lib/libz.1.dylib
0x000000000bcad000 	/usr/lib/libSystem.B.dylib
0x000000000bcad000 	/usr/lib/libobjc.A.dylib
0x000000000bcad000 	/System/Library/Frameworks/CoreFoundation.framework/Versions/A/CoreFoundation
0x000000000bcad000 	/System/Library/Frameworks/Foundation.framework/Versions/C/Foundation
0x000000000bcad000 	/System/Library/Frameworks/AppKit.framework/Versions/C/AppKit
0x000000000bcad000 	/System/Library/Frameworks/CoreData.framework/Versions/A/CoreData
0x000000000bcad000 	/System/Library/PrivateFrameworks/RemoteViewServices.framework/Versions/A/RemoteViewServices
0x000000000bcad000 	/System/Library/Frameworks/AudioToolbox.framework/Versions/A/AudioToolbox
0x000000000bcad000 	/System/Library/Frameworks/AudioUnit.framework/Versions/A/AudioUnit
0x000000000bcad000 	/System/Library/PrivateFrameworks/DataDetectorsCore.framework/Versions/A/DataDetectorsCore
0x000000000bcad000 	/System/Library/PrivateFrameworks/DesktopServicesPriv.framework/Versions/A/DesktopServicesPriv
0x000000000bcad000 	/System/Library/Frameworks/Carbon.framework/Versions/A/Frameworks/HIToolbox.framework/Versions/A/HIToolbox
0x000000000bcad000 	/System/Library/Frameworks/QuartzCore.framework/Versions/A/QuartzCore
0x000000000bcad000 	/System/Library/Frameworks/Carbon.framework/Versions/A/Frameworks/SpeechRecognition.framework/Versions/A/SpeechRecognition
0x000000000bcad000 	/usr/lib/libauto.dylib
0x000000000bcad000 	/usr/lib/libicucore.A.dylib
0x000000000bcad000 	/usr/lib/libxml2.2.dylib
0x000000000bcad000 	/System/Library/PrivateFrameworks/CoreUI.framework/Versions/A/CoreUI
0x000000000bcad000 	/System/Library/Frameworks/CoreAudio.framework/Versions/A/CoreAudio
0x000000000bcad000 	/System/Library/Frameworks/DiskArbitration.framework/Versions/A/DiskArbitration
0x000000000bcad000 	/usr/lib/liblangid.dylib
0x000000000bcad000 	/System/Library/PrivateFrameworks/MultitouchSupport.framework/Versions/A/MultitouchSupport
0x000000000bcad000 	/System/Library/Frameworks/IOKit.framework/Versions/A/IOKit
0x000000000bcad000 	/usr/lib/libDiagnosticMessagesClient.dylib
0x000000000bcad000 	/System/Library/Frameworks/CoreServices.framework/Versions/A/CoreServices
0x000000000bcad000 	/System/Library/PrivateFrameworks/PerformanceAnalysis.framework/Versions/A/PerformanceAnalysis
0x000000000bcad000 	/System/Library/PrivateFrameworks/GenerationalStorage.framework/Versions/A/GenerationalStorage
0x000000000bcad000 	/System/Library/Frameworks/OpenGL.framework/Versions/A/OpenGL
0x000000000bcad000 	/System/Library/PrivateFrameworks/Sharing.framework/Versions/A/Sharing
0x000000000bcad000 	/System/Library/Frameworks/ImageIO.framework/Versions/A/ImageIO
0x000000000bcad000 	/System/Library/Frameworks/CoreText.framework/Versions/A/CoreText
0x000000000bcad000 	/System/Library/Frameworks/CoreGraphics.framework/Versions/A/CoreGraphics
0x000000000bcad000 	/System/Library/PrivateFrameworks/Backup.framework/Versions/A/Backup
0x000000000bcad000 	/System/Library/Frameworks/CFNetwork.framework/Versions/A/CFNetwork
0x000000000bcad000 	/System/Library/Frameworks/SystemConfiguration.framework/Versions/A/SystemConfiguration
0x000000000bcad000 	/usr/lib/libCRFSuite.dylib
0x000000000bcad000 	/usr/lib/libc++.1.dylib
0x000000000bcad000 	/usr/lib/libc++abi.dylib
0x000000000bcad000 	/usr/lib/system/libcache.dylib
0x000000000bcad000 	/usr/lib/system/libcommonCrypto.dylib
0x000000000bcad000 	/usr/lib/system/libcompiler_rt.dylib
0x000000000bcad000 	/usr/lib/system/libcopyfile.dylib
0x000000000bcad000 	/usr/lib/system/libcorecrypto.dylib
0x000000000bcad000 	/usr/lib/system/libdispatch.dylib
0x000000000bcad000 	/usr/lib/system/libdyld.dylib
0x000000000bcad000 	/usr/lib/system/libkeymgr.dylib
0x000000000bcad000 	/usr/lib/system/liblaunch.dylib
0x000000000bcad000 	/usr/lib/system/libmacho.dylib
0x000000000bcad000 	/usr/lib/system/libquarantine.dylib
0x000000000bcad000 	/usr/lib/system/libremovefile.dylib
0x000000000bcad000 	/usr/lib/system/libsystem_asl.dylib
0x000000000bcad000 	/usr/lib/system/libsystem_blocks.dylib
0x000000000bcad000 	/usr/lib/system/libsystem_c.dylib
0x000000000bcad000 	/usr/lib/system/libsystem_configuration.dylib
0x000000000bcad000 	/usr/lib/system/libsystem_dnssd.dylib
0x000000000bcad000 	/usr/lib/system/libsystem_info.dylib
0x000000000bcad000 	/usr/lib/system/libsystem_kernel.dylib
0x000000000bcad000 	/usr/lib/system/libsystem_m.dylib
0x000000000bcad000 	/usr/lib/system/libsystem_malloc.dylib
0x000000000bcad000 	/usr/lib/system/libsystem_network.dylib
0x000000000bcad000 	/usr/lib/system/libsystem_notify.dylib
0x000000000bcad000 	/usr/lib/system/libsystem_platform.dylib
0x000000000bcad000 	/usr/lib/system/libsystem_pthread.dylib
0x000000000bcad000 	/usr/lib/system/libsystem_sandbox.dylib
0x000000000bcad000 	/usr/lib/system/libsystem_stats.dylib
0x000000000bcad000 	/usr/lib/system/libunc.dylib
0x000000000bcad000 	/usr/lib/system/libunwind.dylib
0x000000000bcad000 	/usr/lib/system/libxpc.dylib
0x000000000bcad000 	/usr/lib/libbsm.0.dylib
0x000000000bcad000 	/usr/lib/libsqlite3.dylib
0x000000000bcad000 	/usr/lib/libxar.1.dylib
0x000000000bcad000 	/usr/lib/libpam.2.dylib
0x000000000bcad000 	/usr/lib/libOpenScriptingUtil.dylib
0x000000000bcad000 	/usr/lib/libbz2.1.0.dylib
0x000000000bcad000 	/System/Library/Frameworks/CoreServices.framework/Versions/A/Frameworks/CarbonCore.framework/Versions/A/CarbonCore
0x000000000bcad000 	/System/Library/Frameworks/CoreServices.framework/Versions/A/Frameworks/Metadata.framework/Versions/A/Metadata
0x000000000bcad000 	/System/Library/Frameworks/CoreServices.framework/Versions/A/Frameworks/OSServices.framework/Versions/A/OSServices
0x000000000bcad000 	/System/Library/Frameworks/CoreServices.framework/Versions/A/Frameworks/SearchKit.framework/Versions/A/SearchKit
0x000000000bcad000 	/System/Library/Frameworks/CoreServices.framework/Versions/A/Frameworks/AE.framework/Versions/A/AE
0x000000000bcad000 	/System/Library/Frameworks/CoreServices.framework/Versions/A/Frameworks/LaunchServices.framework/Versions/A/LaunchServices
0x000000000bcad000 	/System/Library/Frameworks/CoreServices.framework/Versions/A/Frameworks/DictionaryServices.framework/Versions/A/DictionaryServices
0x000000000bcad000 	/System/Library/Frameworks/NetFS.framework/Versions/A/NetFS
0x000000000bcad000 	/usr/lib/system/libkxld.dylib
0x000000000bcad000 	/System/Library/PrivateFrameworks/NetAuth.framework/Versions/A/NetAuth
0x000000000bcad000 	/System/Library/PrivateFrameworks/TCC.framework/Versions/A/TCC
0x000000000bcad000 	/System/Library/Frameworks/OpenDirectory.framework/Versions/A/Frameworks/CFOpenDirectory.framework/Versions/A/CFOpenDirectory
0x000000000bcad000 	/System/Library/Frameworks/ServiceManagement.framework/Versions/A/ServiceManagement
0x000000000bcad000 	/usr/lib/libxslt.1.dylib
0x000000000bcad000 	/System/Library/Frameworks/Carbon.framework/Versions/A/Frameworks/Ink.framework/Versions/A/Ink
0x000000000bcad000 	/System/Library/Frameworks/ApplicationServices.framework/Versions/A/Frameworks/ATS.framework/Versions/A/ATS
0x000000000bcad000 	/System/Library/Frameworks/ApplicationServices.framework/Versions/A/Frameworks/ColorSync.framework/Versions/A/ColorSync
0x000000000bcad000 	/System/Library/Frameworks/ApplicationServices.framework/Versions/A/Frameworks/HIServices.framework/Versions/A/HIServices
0x000000000bcad000 	/System/Library/Frameworks/ApplicationServices.framework/Versions/A/Frameworks/LangAnalysis.framework/Versions/A/LangAnalysis
0x000000000bcad000 	/System/Library/Frameworks/ApplicationServices.framework/Versions/A/Frameworks/PrintCore.framework/Versions/A/PrintCore
0x000000000bcad000 	/System/Library/Frameworks/ApplicationServices.framework/Versions/A/Frameworks/QD.framework/Versions/A/QD
0x000000000bcad000 	/System/Library/Frameworks/ApplicationServices.framework/Versions/A/Frameworks/SpeechSynthesis.framework/Versions/A/SpeechSynthesis
0x000000000bcad000 	/System/Library/Frameworks/IOSurface.framework/Versions/A/IOSurface
0x000000000bcad000 	/System/Library/Frameworks/Accelerate.framework/Versions/A/Accelerate
0x000000000bcad000 	/System/Library/Frameworks/Accelerate.framework/Versions/A/Frameworks/vImage.framework/Versions/A/vImage
0x000000000bcad000 	/System/Library/Frameworks/Accelerate.framework/Versions/A/Frameworks/vecLib.framework/Versions/A/vecLib
0x000000000bcad000 	/System/Library/Frameworks/Accelerate.framework/Versions/A/Frameworks/vecLib.framework/Versions/A/libvDSP.dylib
0x000000000bcad000 	/System/Library/Frameworks/Accelerate.framework/Versions/A/Frameworks/vecLib.framework/Versions/A/libvMisc.dylib
0x000000000bcad000 	/System/Library/Frameworks/Accelerate.framework/Versions/A/Frameworks/vecLib.framework/Versions/A/libLAPACK.dylib
0x000000000bcad000 	/System/Library/Frameworks/Accelerate.framework/Versions/A/Frameworks/vecLib.framework/Versions/A/libBLAS.dylib
0x000000000bcad000 	/System/Library/Frameworks/ApplicationServices.framework/Versions/A/Frameworks/ATS.framework/Versions/A/Resources/libFontParser.dylib
0x000000000bcad000 	/System/Library/Frameworks/ApplicationServices.framework/Versions/A/Frameworks/ATS.framework/Versions/A/Resources/libFontRegistry.dylib
0x000000000bcad000 	/System/Library/Frameworks/ImageIO.framework/Versions/A/Resources/libJPEG.dylib
0x000000000bcad000 	/System/Library/Frameworks/ImageIO.framework/Versions/A/Resources/libTIFF.dylib
0x000000000bcad000 	/System/Library/Frameworks/ImageIO.framework/Versions/A/Resources/libPng.dylib
0x000000000bcad000 	/System/Library/Frameworks/ImageIO.framework/Versions/A/Resources/libGIF.dylib
0x000000000bcad000 	/System/Library/Frameworks/ImageIO.framework/Versions/A/Resources/libJP2.dylib
0x000000000bcad000 	/System/Library/Frameworks/ImageIO.framework/Versions/A/Resources/libRadiance.dylib
0x000000000bcad000 	/usr/lib/libcups.2.dylib
0x000000000bcad000 	/System/Library/Frameworks/Kerberos.framework/Versions/A/Kerberos
0x000000000bcad000 	/System/Library/Frameworks/GSS.framework/Versions/A/GSS
0x000000000bcad000 	/usr/lib/libresolv.9.dylib
0x000000000bcad000 	/usr/lib/libiconv.2.dylib
0x000000000bcad000 	/System/Library/PrivateFrameworks/Heimdal.framework/Versions/A/Heimdal
0x000000000bcad000 	/System/Library/PrivateFrameworks/TrustEvaluationAgent.framework/Versions/A/TrustEvaluationAgent
0x000000000bcad000 	/usr/lib/libheimdal-asn1.dylib
0x000000000bcad000 	/System/Library/Frameworks/OpenDirectory.framework/Versions/A/OpenDirectory
0x000000000bcad000 	/System/Library/PrivateFrameworks/CommonAuth.framework/Versions/A/CommonAuth
0x000000000bcad000 	/System/Library/Frameworks/SecurityFoundation.framework/Versions/A/SecurityFoundation
0x000000000bcad000 	/System/Library/PrivateFrameworks/Bom.framework/Versions/A/Bom
0x000000000bcad000 	/System/Library/Frameworks/CoreVideo.framework/Versions/A/CoreVideo
0x000000000bcad000 	/System/Library/Frameworks/QuartzCore.framework/Versions/A/Frameworks/CoreImage.framework/Versions/A/CoreImage
0x000000000bcad000 	/System/Library/Frameworks/QuartzCore.framework/Versions/A/Frameworks/ScalableUserInterface.framework/Versions/A/ScalableUserInterface
0x000000000bcad000 	/System/Library/Frameworks/OpenGL.framework/Versions/A/Libraries/libGLU.dylib
0x000000000bcad000 	/System/Library/Frameworks/OpenGL.framework/Versions/A/Libraries/libGFXShared.dylib
0x000000000bcad000 	/System/Library/Frameworks/OpenGL.framework/Versions/A/Libraries/libGL.dylib
0x000000000bcad000 	/System/Library/Frameworks/OpenGL.framework/Versions/A/Libraries/libGLImage.dylib
0x000000000bcad000 	/System/Library/Frameworks/OpenGL.framework/Versions/A/Libraries/libCVMSPluginSupport.dylib
0x000000000bcad000 	/System/Library/Frameworks/OpenGL.framework/Versions/A/Libraries/libCoreVMClient.dylib
0x000000000bcad000 	/System/Library/PrivateFrameworks/FaceCore.framework/Versions/A/FaceCore
0x000000000bcad000 	/System/Library/PrivateFrameworks/CrashReporterSupport.framework/Versions/A/CrashReporterSupport
0x000000000bcad000 	/System/Library/Frameworks/OpenCL.framework/Versions/A/OpenCL
0x000000000bcad000 	/System/Library/PrivateFrameworks/AppleFSCompression.framework/Versions/A/AppleFSCompression
0x000000000bcad000 	/System/Library/PrivateFrameworks/Ubiquity.framework/Versions/A/Ubiquity
0x000000000bcad000 	/System/Library/PrivateFrameworks/IconServices.framework/Versions/A/IconServices
0x000000000bcad000 	/System/Library/PrivateFrameworks/ChunkingLibrary.framework/Versions/A/ChunkingLibrary
0x000000000bcad000 	/System/Library/PrivateFrameworks/CoreSymbolication.framework/Versions/A/CoreSymbolication
0x000000000bcad000 	/System/Library/PrivateFrameworks/Symbolication.framework/Versions/A/Symbolication
0x000000000bcad000 	/System/Library/PrivateFrameworks/DebugSymbols.framework/Versions/A/DebugSymbols
0x000000010f800000 	/Library/Java/JavaVirtualMachines/jdk1.7.0_51.jdk/Contents/Home/jre/lib/server/libjvm.dylib
0x000000000bcad000 	/usr/lib/libstdc++.6.dylib
0x000000010efcb000 	/Library/Java/JavaVirtualMachines/jdk1.7.0_51.jdk/Contents/Home/jre/lib/libverify.dylib
0x0000000110253000 	/Library/Java/JavaVirtualMachines/jdk1.7.0_51.jdk/Contents/Home/jre/lib/libjava.dylib
0x000000010efe2000 	/Library/Java/JavaVirtualMachines/jdk1.7.0_51.jdk/Contents/Home/jre/lib/libzip.dylib
0x00000001154c5000 	/System/Library/Frameworks/JavaVM.framework/Frameworks/JavaRuntimeSupport.framework/JavaRuntimeSupport
0x00000001154dd000 	/System/Library/Frameworks/JavaVM.framework/Versions/A/Frameworks/JavaNativeFoundation.framework/Versions/A/JavaNativeFoundation
0x000000010eff1000 	/System/Library/Frameworks/JavaVM.framework/Versions/A/JavaVM
0x000000000bcad000 	/System/Library/Frameworks/Carbon.framework/Versions/A/Carbon
0x00000001154f1000 	/System/Library/PrivateFrameworks/JavaLaunching.framework/Versions/A/JavaLaunching
0x000000000bcad000 	/System/Library/Frameworks/Carbon.framework/Versions/A/Frameworks/CommonPanels.framework/Versions/A/CommonPanels
0x000000000bcad000 	/System/Library/Frameworks/Carbon.framework/Versions/A/Frameworks/Help.framework/Versions/A/Help
0x000000000bcad000 	/System/Library/Frameworks/Carbon.framework/Versions/A/Frameworks/ImageCapture.framework/Versions/A/ImageCapture
0x000000000bcad000 	/System/Library/Frameworks/Carbon.framework/Versions/A/Frameworks/OpenScripting.framework/Versions/A/OpenScripting
0x000000000bcad000 	/System/Library/Frameworks/Carbon.framework/Versions/A/Frameworks/Print.framework/Versions/A/Print
0x000000000bcad000 	/System/Library/Frameworks/Carbon.framework/Versions/A/Frameworks/SecurityHI.framework/Versions/A/SecurityHI
0x0000000116083000 	/Library/Java/JavaVirtualMachines/jdk1.7.0_51.jdk/Contents/Home/jre/lib/libawt.dylib
0x0000000116132000 	/Library/Java/JavaVirtualMachines/jdk1.7.0_51.jdk/Contents/Home/jre/lib/./libmlib_image.dylib
0x00000001161fe000 	/Library/Java/JavaVirtualMachines/jdk1.7.0_51.jdk/Contents/Home/jre/lib/lwawt/liblwawt.dylib
0x00000001162b2000 	/Library/Java/JavaVirtualMachines/jdk1.7.0_51.jdk/Contents/Home/jre/lib/libosxapp.dylib
0x000000000bcad000 	/System/Library/Frameworks/ExceptionHandling.framework/Versions/A/ExceptionHandling
0x000000000bcad000 	/System/Library/PrivateFrameworks/CoreServicesInternal.framework/Versions/A/CoreServicesInternal
0x000000000bcad000 	/System/Library/PrivateFrameworks/Librarian.framework/Versions/A/Librarian
0x0000000117b14000 	/System/Library/Frameworks/CoreGraphics.framework/Versions/A/Resources/libCGCMS.A.dylib
0x0000000117b25000 	/System/Library/Frameworks/CoreGraphics.framework/Versions/A/Resources/libRIP.A.dylib
0x0000000118950000 	/System/Library/Frameworks/CoreGraphics.framework/Versions/A/Resources/libCGXType.A.dylib
0x000000000bcad000 	/System/Library/PrivateFrameworks/FamilyControls.framework/Versions/A/FamilyControls
0x000000000bcad000 	/System/Library/PrivateFrameworks/CommerceKit.framework/Versions/A/Frameworks/CommerceCore.framework/Versions/A/CommerceCore
0x000000000bcad000 	/System/Library/PrivateFrameworks/SystemAdministration.framework/Versions/A/SystemAdministration
0x000000000bcad000 	/System/Library/Frameworks/DirectoryService.framework/Versions/A/DirectoryService
0x000000000bcad000 	/System/Library/PrivateFrameworks/DiskImages.framework/Versions/A/DiskImages
0x000000000bcad000 	/System/Library/PrivateFrameworks/LoginUIKit.framework/Versions/A/Frameworks/LoginUICore.framework/Versions/A/LoginUICore
0x000000000bcad000 	/usr/lib/libCoreStorage.dylib
0x000000000bcad000 	/usr/lib/libcsfde.dylib
0x000000000bcad000 	/usr/lib/libodfde.dylib
0x000000000bcad000 	/System/Library/Frameworks/DiscRecording.framework/Versions/A/DiscRecording
0x000000000bcad000 	/usr/lib/libcurl.4.dylib
0x000000000bcad000 	/System/Library/PrivateFrameworks/MediaKit.framework/Versions/A/MediaKit
0x000000000bcad000 	/System/Library/PrivateFrameworks/EFILogin.framework/Versions/A/EFILogin
0x000000000bcad000 	/usr/lib/libutil.dylib
0x000000000bcad000 	/System/Library/PrivateFrameworks/AOSNotification.framework/Versions/A/AOSNotification
0x000000000bcad000 	/System/Library/Frameworks/LDAP.framework/Versions/A/LDAP
0x000000000bcad000 	/usr/lib/libsasl2.2.dylib
0x000000000bcad000 	/usr/lib/libcrypto.0.9.8.dylib
0x000000000bcad000 	/usr/lib/libssl.0.9.8.dylib
0x000000000bcad000 	/System/Library/Frameworks/OpenGL.framework/Versions/A/Resources/GLEngine.bundle/GLEngine
0x000000000bcad000 	/System/Library/Frameworks/OpenGL.framework/Versions/A/Libraries/libGLProgrammability.dylib
0x0000000000000000 	/System/Library/Extensions/AppleIntelHD5000GraphicsGLDriver.bundle/Contents/MacOS/AppleIntelHD5000GraphicsGLDriver
0x000000000bcad000 	/System/Library/PrivateFrameworks/IOAccelerator.framework/Versions/A/IOAccelerator
0x000000000bcad000 	/System/Library/PrivateFrameworks/GPUSupport.framework/Versions/A/Libraries/libGPUSupportMercury.dylib
0x000000000bcad000 	/System/Library/Frameworks/OpenGL.framework/Versions/A/Resources/GLRendererFloat.bundle/GLRendererFloat
0x000000000bcad000 	/System/Library/Frameworks/OpenCL.framework/Versions/A/Libraries/libcldcpuengine.dylib
0x000000011b190000 	/Library/Java/JavaVirtualMachines/jdk1.7.0_51.jdk/Contents/Home/jre/lib/libsplashscreen.dylib
0x000000011b1df000 	/Library/Java/JavaVirtualMachines/jdk1.7.0_51.jdk/Contents/Home/jre/lib/libnet.dylib
0x000000011b23c000 	/Library/Java/JavaVirtualMachines/jdk1.7.0_51.jdk/Contents/Home/jre/lib/libnio.dylib
0x0000000117a21000 	/Library/Java/JavaVirtualMachines/jdk1.7.0_51.jdk/Contents/Home/jre/lib/libfontmanager.dylib
0x0000000118807000 	/private/var/folders/9q/8kcyr7051z54xqd43d4hmgkc0000gq/T/javacpp1400330889328972000/libtbb.dylib
0x000000011d1de000 	/private/var/folders/9q/8kcyr7051z54xqd43d4hmgkc0000gq/T/javacpp1400330889328972000/libopencv_core.2.4.dylib
0x000000011d486000 	/private/var/folders/9q/8kcyr7051z54xqd43d4hmgkc0000gq/T/javacpp1400330889328972000/libopencv_imgproc.2.4.dylib
0x000000011ce1a000 	/private/var/folders/9q/8kcyr7051z54xqd43d4hmgkc0000gq/T/javacpp1400330889328972000/libopencv_highgui.2.4.dylib
0x000000000bcad000 	/System/Library/Frameworks/QTKit.framework/Versions/A/QTKit
0x000000000bcad000 	/System/Library/Frameworks/AVFoundation.framework/Versions/A/AVFoundation
0x000000000bcad000 	/System/Library/Frameworks/CoreMedia.framework/Versions/A/CoreMedia
0x000000000bcad000 	/System/Library/Frameworks/MediaToolbox.framework/Versions/A/MediaToolbox
0x000000000bcad000 	/System/Library/Frameworks/VideoToolbox.framework/Versions/A/VideoToolbox
0x000000000bcad000 	/System/Library/PrivateFrameworks/CoreMediaAuthoring.framework/Versions/A/CoreMediaAuthoring
0x000000000bcad000 	/System/Library/Frameworks/CoreMediaIO.framework/Versions/A/CoreMediaIO
0x000000000bcad000 	/System/Library/Frameworks/AVFoundation.framework/Versions/A/Resources/libAVFAudio.dylib
0x000000000bcad000 	/System/Library/PrivateFrameworks/MediaControlSender.framework/Versions/A/MediaControlSender
0x000000000bcad000 	/System/Library/PrivateFrameworks/CoreAVCHD.framework/Versions/A/CoreAVCHD
0x000000000bcad000 	/System/Library/Frameworks/MediaAccessibility.framework/Versions/A/MediaAccessibility
0x000000000bcad000 	/System/Library/PrivateFrameworks/Mangrove.framework/Versions/A/Mangrove
0x000000000bcad000 	/System/Library/PrivateFrameworks/CoreAUC.framework/Versions/A/CoreAUC
0x000000000bcad000 	/System/Library/PrivateFrameworks/Apple80211.framework/Versions/A/Apple80211
0x000000000bcad000 	/System/Library/PrivateFrameworks/AppleSRP.framework/Versions/A/AppleSRP
0x000000000bcad000 	/System/Library/PrivateFrameworks/CoreUtils.framework/Versions/A/CoreUtils
0x000000000bcad000 	/System/Library/Frameworks/CoreWLAN.framework/Versions/A/CoreWLAN
0x000000000bcad000 	/usr/lib/libpcap.A.dylib
0x000000000bcad000 	/System/Library/Frameworks/CoreWiFi.framework/Versions/A/CoreWiFi
0x000000000bcad000 	/System/Library/PrivateFrameworks/AppleVA.framework/Versions/A/AppleVA
0x000000000bcad000 	/System/Library/PrivateFrameworks/XPCService.framework/Versions/A/XPCService
0x000000000bcad000 	/System/Library/PrivateFrameworks/AppSandbox.framework/Versions/A/AppSandbox
0x000000000bcad000 	/usr/lib/libsandbox.1.dylib
0x000000000bcad000 	/System/Library/PrivateFrameworks/AppContainer.framework/Versions/A/AppContainer
0x000000000bcad000 	/System/Library/PrivateFrameworks/SecCodeWrapper.framework/Versions/A/SecCodeWrapper
0x000000000bcad000 	/usr/lib/libMatch.1.dylib
0x0000000115514000 	/private/var/folders/9q/8kcyr7051z54xqd43d4hmgkc0000gq/T/javacpp1400330889328972000/libjniopencv_highgui.dylib
0x0000000115bcb000 	/System/Library/Extensions/AppleHDA.kext/Contents/PlugIns/AppleHDAHALPlugIn.bundle/Contents/MacOS/AppleHDAHALPlugIn
0x000000011b292000 	/Library/CoreMediaIO/Plug-Ins/DAL/AppleCamera.plugin/Contents/MacOS/AppleCamera
0x000000011d8a4000 	/System/Library/Frameworks/CoreMediaIO.framework/Resources/CMIOUnits.bundle/Contents/MacOS/CMIOUnits
0x000000011b2b4000 	/System/Library/PrivateFrameworks/FWAVC.framework/Versions/A/FWAVC

VM Arguments:
jvm_args: -Dorg.apache.commons.logging.Log=org.apache.commons.logging.impl.Log4JLogger -DmaxServlets=20 -DmaxDBConnections=8 -DmaxSlidingDBConnections=8 -Dsalt=this is a simple clear salt -DremoteKeepAlivePeriod=15000 -Xmx128m 
java_command: gsn.Main 22932
Launcher Type: SUN_STANDARD

Environment Variables:
PATH=/usr/bin:/bin:/usr/sbin:/sbin
SHELL=/bin/bash

Signal Handlers:
SIGSEGV: [libjvm.dylib+0x525425], sa_mask[0]=0xfffefeff, sa_flags=0x00000043
SIGBUS: [libjvm.dylib+0x525425], sa_mask[0]=0xfffefeff, sa_flags=0x00000042
SIGFPE: [libjvm.dylib+0x41892a], sa_mask[0]=0xfffefeff, sa_flags=0x00000042
SIGPIPE: [libjvm.dylib+0x41892a], sa_mask[0]=0xfffefeff, sa_flags=0x00000042
SIGXFSZ: [libjvm.dylib+0x41892a], sa_mask[0]=0xfffefeff, sa_flags=0x00000042
SIGILL: [libjvm.dylib+0x41892a], sa_mask[0]=0xfffefeff, sa_flags=0x00000042
SIGUSR1: SIG_DFL, sa_mask[0]=0x00000000, sa_flags=0x00000002
SIGUSR2: [libjvm.dylib+0x41841c], sa_mask[0]=0x00000004, sa_flags=0x00000042
SIGHUP: [libjvm.dylib+0x4166ab], sa_mask[0]=0xfffefeff, sa_flags=0x00000042
SIGINT: [libjvm.dylib+0x4166ab], sa_mask[0]=0xfffefeff, sa_flags=0x00000042
SIGTERM: [libjvm.dylib+0x4166ab], sa_mask[0]=0xfffefeff, sa_flags=0x00000042
SIGQUIT: [libjvm.dylib+0x4166ab], sa_mask[0]=0xfffefeff, sa_flags=0x00000042


---------------  S Y S T E M  ---------------

OS:Bsduname:Darwin 13.1.0 Darwin Kernel Version 13.1.0: Wed Apr  2 23:52:02 PDT 2014; root:xnu-2422.92.1~2/RELEASE_X86_64 x86_64
rlimit: STACK 8192k, CORE 0k, NPROC 709, NOFILE 10240, AS infinity
load average:1.48 1.49 1.49

CPU:total 4 (2 cores per cpu, 2 threads per core) family 6 model 69 stepping 1, cmov, cx8, fxsr, mmx, sse, sse2, sse3, ssse3, sse4.1, sse4.2, popcnt, avx, avx2, aes, erms, ht, tsc, tscinvbit

Memory: 4k page, physical 4194304k(1048576k free)

/proc/meminfo:


vm_info: Java HotSpot(TM) 64-Bit Server VM (24.51-b03) for bsd-amd64 JRE (1.7.0_51-b13), built on Dec 18 2013 18:45:56 by "java_re" with gcc 4.2.1 (Based on Apple Inc. build 5658) (LLVM build 2336.11.00)

time: Sat May 17 14:51:55 2014
elapsed time: 2664 seconds

